26 May 20:38:43 - [33m[nodemon] v1.0.20[39m
26 May 20:38:43 - [33m[nodemon] to restart at any time, enter `rs`[39m
26 May 20:38:43 - [33m[nodemon] watching: *.*[39m
26 May 20:38:43 - [32m[nodemon] starting `node /srv/home/smdux1/MELTS---KnowlegdeMap/server.js`[39m
App listening on 130.194.20.158:8000
Connected to Mongoose DB
[90mPOST /api/map [32m200 [90m66ms - 1.14kb[0m
[90mGET / [36m304 [90m8ms[0m
[90mGET / [32m200 [90m8ms - 867b[0m
[90mGET /map [36m302 [90m6ms - 82b[0m
[90mGET /login [32m200 [90m4ms - 1.63kb[0m
[90mPOST /login [36m302 [90m97ms - 86b[0m
[90mGET /profile [36m304 [90m4ms[0m
[90mGET /map [32m200 [90m3ms - 3.87kb[0m
[90mGET /api/map [32m200 [90m7ms - 1.14kb[0m
[90mDELETE /api/map/538319c3489d654607489ec2 [32m200 [90m13ms - 964b[0m
[90mPOST /api/map [32m200 [90m10ms - 1.1kb[0m
26 May 20:44:18 - [33m[nodemon] v1.0.20[39m
26 May 20:44:18 - [33m[nodemon] to restart at any time, enter `rs`[39m
26 May 20:44:18 - [33m[nodemon] watching: *.*[39m
26 May 20:44:18 - [32m[nodemon] starting `node /srv/home/smdux1/MELTS---KnowlegdeMap/server.js`[39m
App listening on 130.194.20.158:8000
Connected to Mongoose DB
[90mGET / [32m200 [90m20ms - 867b[0m
[90mGET /login [32m200 [90m8ms - 1.63kb[0m
[90mGET /map [36m302 [90m9ms - 82b[0m
[90mGET /login [36m304 [90m4ms[0m
[90mGET /signup [32m200 [90m3ms - 1.64kb[0m
[90mPOST /signup [36m302 [90m194ms - 86b[0m
[90mGET /profile [32m200 [90m9ms - 1.45kb[0m
[90mGET /map [32m200 [90m5ms - 3.87kb[0m
[90mGET /api/map [32m200 [90m13ms - 1.1kb[0m
[90mDELETE /api/map/53831620a26acd640640bec1 [32m200 [90m14ms - 964b[0m
[90mDELETE /api/map/53814b6243c44e5656b9573e [32m200 [90m7ms - 711b[0m
[90mDELETE /api/map/53831627a26acd640640bec2 [32m200 [90m9ms - 524b[0m
[90mDELETE /api/map/538318aaf2563202079e1929 [32m200 [90m5ms - 357b[0m
[90mDELETE /api/map/538319d2489d654607489ec3 [32m200 [90m42ms - 190b[0m
[90mDELETE /api/map/538319d2489d654607489ec3 [32m200 [90m15ms - 190b[0m
[90mDELETE /api/map/53814b2143c44e5656b9573c [32m200 [90m4ms - 2b[0m
[90mGET /map [36m302 [90m4ms - 82b[0m
[90mGET /login [36m304 [90m3ms[0m
[90mPOST /login [36m302 [90m158ms - 86b[0m
[90mGET /profile [36m304 [90m4ms[0m
[90mGET /map [32m200 [90m6ms - 3.87kb[0m
[90mGET /api/map [32m200 [90m5ms - 2b[0m
[90mPOST /api/map [32m200 [90m8ms - 210b[0m
[90mGET /map [32m200 [90m4ms - 3.9kb[0m
[90mGET /api/map [32m200 [90m4ms - 210b[0m
[90mGET / [32m200 [90m5ms - 867b[0m
[90mGET /login [36m302 [90m4ms - 86b[0m
[90mGET /profile [32m200 [90m3ms - 1.45kb[0m
[90mGET /map [32m200 [90m8ms - 3.9kb[0m
[90mGET /api/map [32m200 [90m7ms - 210b[0m
[90mGET /map [32m200 [90m7ms - 3.87kb[0m
[90mGET /api/map [36m304 [90m5ms[0m
[90mGET / [32m200 [90m4ms - 867b[0m
[90mGET /map [32m200 [90m5ms - 3.87kb[0m
[90mGET /api/map [32m200 [90m3ms - 210b[0m
[90mGET /map [32m200 [90m8ms - 3.88kb[0m
[90mGET /api/map [36m304 [90m6ms[0m
[90mGET /map [36m304 [90m9ms[0m
[90mGET /api/map [36m304 [90m5ms[0m
[90mGET /map [32m200 [90m5ms - 3.87kb[0m
[90mGET /api/map [36m304 [90m5ms[0m
[90mGET / [36m304 [90m2ms[0m
[90mGET / [36m304 [90m2ms[0m
[90mGET / [32m200 [90m54ms - 867b[0m
[90mGET / [36m304 [90m3ms[0m
[90mGET / [32m200 [90m3ms - 867b[0m
[90mGET /map [36m302 [90m2ms - 82b[0m
[90mGET /login [32m200 [90m3ms - 1.63kb[0m
[90mGET / [32m200 [90m7ms - 867b[0m
[90mGET /login [36m304 [90m2ms[0m
[90mGET / [36m304 [90m2ms[0m
[90mGET /signup [32m200 [90m5ms - 1.64kb[0m
[90mPOST /signup [36m302 [90m172ms - 86b[0m
[90mGET /profile [32m200 [90m8ms - 1.45kb[0m
[90mGET /map [32m200 [90m5ms - 3.88kb[0m
[90mGET /api/map [32m200 [90m26ms - 210b[0m
[90mDELETE /api/map/53831c30ee086276073d4703 [32m200 [90m10ms - 2b[0m
[90mGET /signup [32m200 [90m4ms - 1.64kb[0m
[90mGET / [36m304 [90m5ms[0m
[90mGET /map [36m304 [90m4ms[0m
[90mGET /api/map [32m200 [90m4ms - 2b[0m
[90mGET / [32m200 [90m2ms - 867b[0m
[90mGET /login [32m200 [90m3ms - 1.63kb[0m
[90mPOST /login [36m302 [90m13ms - 82b[0m
[90mGET /login [32m200 [90m2ms - 1.63kb[0m
[90mGET /signup [32m200 [90m4ms - 1.64kb[0m
[90mPOST /signup [36m302 [90m174ms - 86b[0m
[90mGET /profile [32m200 [90m4ms - 1.45kb[0m
[90mGET /map [32m200 [90m4ms - 3.88kb[0m
[90mGET /api/map [32m200 [90m6ms - 2b[0m
[90mPOST /api/map [32m200 [90m22ms - 224b[0m
[90mDELETE /api/map/538540eeee086276073d4706 [32m200 [90m5ms - 2b[0m
[90mGET /map [36m304 [90m3ms[0m
[90mGET /api/map [32m200 [90m3ms - 2b[0m
[90mGET /map [36m304 [90m3ms[0m
[90mGET /api/map [36m304 [90m5ms[0m
[90mGET / [36m304 [90m4ms[0m
[90mGET /map [36m304 [90m4ms[0m
[90mGET /api/map [36m304 [90m5ms[0m
[90mGET / [36m304 [90m5ms[0m
[90mGET /map [36m304 [90m4ms[0m
[90mGET /api/map [36m304 [90m3ms[0m
[90mGET / [36m304 [90m4ms[0m
[90mGET /login [36m302 [90m6ms - 86b[0m
[90mGET /profile [36m304 [90m3ms[0m
[90mGET /map [36m304 [90m4ms[0m
[90mGET /api/map [36m304 [90m5ms[0m
[90mPOST /api/map [32m200 [90m13ms - 225b[0m
[90mPOST /api/map [32m200 [90m9ms - 415b[0m
[90mGET / [36m304 [90m4ms[0m
[90mGET / [32m200 [90m2ms - 867b[0m
[90mGET /login [32m200 [90m3ms - 1.63kb[0m
[90mPOST /login [36m302 [90m151ms - 86b[0m
[90mGET /profile [32m200 [90m5ms - 1.45kb[0m
[90mGET /map [32m200 [90m5ms - 3.88kb[0m
[90mGET /api/map [32m200 [90m6ms - 415b[0m
[90mGET /map [36m302 [90m1ms - 82b[0m
[90mGET /login [32m200 [90m2ms - 1.63kb[0m
[90mGET /signup [32m200 [90m3ms - 1.64kb[0m
[90mGET / [32m200 [90m5ms - 867b[0m
[90mGET / [36m304 [90m2ms[0m
[90mGET / [36m304 [90m1ms[0m
[90mGET / [36m304 [90m2ms[0m
[90mGET /login [32m200 [90m18ms - 1.63kb[0m
[90mPOST /login [36m302 [90m149ms - 86b[0m
[90mGET /profile [32m200 [90m23ms - 1.45kb[0m
[90mGET /map [32m200 [90m23ms - 3.88kb[0m
[90mGET /api/map [32m200 [90m10ms - 415b[0m
[90mGET / [36m304 [90m9ms[0m
[90mGET /map [36m304 [90m4ms[0m
[90mGET /api/map [36m304 [90m5ms[0m
2 Jun 21:40:29 - [32m[nodemon] restarting due to changes...[39m
2 Jun 21:40:29 - [32m[nodemon] restarting due to changes...[39m
2 Jun 21:40:30 - [32m[nodemon] starting `node /srv/home/smdux1/MELTS---KnowlegdeMap/server.js`[39m
2 Jun 21:40:30 - [32m[nodemon] restarting due to changes...[39m
2 Jun 21:40:30 - [32m[nodemon] starting `node /srv/home/smdux1/MELTS---KnowlegdeMap/server.js`[39m
App listening on 130.194.20.158:8000
Connected to Mongoose DB
2 Jun 21:40:41 - [32m[nodemon] restarting due to changes...[39m
2 Jun 21:40:41 - [32m[nodemon] starting `node /srv/home/smdux1/MELTS---KnowlegdeMap/server.js`[39m
2 Jun 21:40:41 - [32m[nodemon] restarting due to changes...[39m
2 Jun 21:40:41 - [32m[nodemon] restarting due to changes...[39m
2 Jun 21:40:41 - [32m[nodemon] starting `node /srv/home/smdux1/MELTS---KnowlegdeMap/server.js`[39m
App listening on 130.194.20.158:8000
Connected to Mongoose DB
[90mDELETE /api/map/53854df4ee086276073d4708 [32m200 [90m59ms - 225b[0m
[90mPOST /api/map [32m200 [90m30ms - 414b[0m
[90mPOST /api/map [32m200 [90m10ms - 628b[0m
[90mGET / [32m200 [90m10ms - 867b[0m
[90mGET / [32m200 [90m4ms - 867b[0m
[90mGET / [36m304 [90m4ms[0m
[90mGET / [36m304 [90m2ms[0m
[90mGET /map [36m302 [90m5ms - 82b[0m
[90mGET /login [32m200 [90m2ms - 1.63kb[0m
[90mGET / [36m304 [90m3ms[0m
[90mGET /map [36m302 [90m2ms - 82b[0m
[90mGET /login [32m200 [90m4ms - 1.63kb[0m
[90mPOST /login [36m302 [90m169ms - 86b[0m
[90mGET /profile [36m304 [90m7ms[0m
[90mGET /map [32m200 [90m5ms - 3.88kb[0m
[90mGET /api/map [32m200 [90m8ms - 628b[0m
[90mGET /login [36m302 [90m3ms - 86b[0m
[90mGET /logout [36m302 [90m27ms - 72b[0m
[90mGET / [36m304 [90m2ms[0m
[90mGET / [36m304 [90m2ms[0m
[90mGET / [36m304 [90m1ms[0m
[90mGET / [36m304 [90m1ms[0m
[90mGET / [32m200 [90m3ms - 867b[0m
[90mGET /login [32m200 [90m2ms - 1.63kb[0m
[90mPOST /login [36m302 [90m103ms - 86b[0m
[90mGET /profile [32m200 [90m4ms - 1.45kb[0m
[90mGET /map [32m200 [90m6ms - 3.88kb[0m
[90mGET /api/map [32m200 [90m10ms - 628b[0m
[90mPOST /api/map [32m200 [90m8ms - 795b[0m
[90mDELETE /api/map/538ec34069fb4e0064833b33 [32m200 [90m6ms - 628b[0m
[90mGET / [36m304 [90m7ms[0m
[90mGET /login [32m200 [90m2ms - 1.63kb[0m
[90mPOST /login [36m302 [90m89ms - 86b[0m
[90mGET /profile [32m200 [90m4ms - 1.45kb[0m
[90mGET /map [32m200 [90m5ms - 3.88kb[0m
[90mGET /api/map [32m200 [90m6ms - 628b[0m
[90mPOST /api/map [32m200 [90m7ms - 795b[0m
[90mGET /map [36m302 [90m2ms - 82b[0m
[90mGET /login [36m304 [90m2ms[0m
[90mPOST /login [36m302 [90m168ms - 86b[0m
[90mGET /profile [32m200 [90m6ms - 1.45kb[0m
[90mGET /map [32m200 [90m5ms - 3.88kb[0m
[90mGET /api/map [32m200 [90m10ms - 795b[0m
[90mDELETE /api/map/538ec36c69fb4e0064833b34 [32m200 [90m53ms - 628b[0m
[90mPOST /api/map [32m200 [90m9ms - 795b[0m
TypeError: Cannot call method 'split' of undefined
    at /srv/home/smdux1/MELTS---KnowlegdeMap/app/routes.js:112:41
    at callbacks (/srv/home/smdux1/MELTS---KnowlegdeMap/node_modules/express/lib/router/index.js:164:37)
    at param (/srv/home/smdux1/MELTS---KnowlegdeMap/node_modules/express/lib/router/index.js:138:11)
    at pass (/srv/home/smdux1/MELTS---KnowlegdeMap/node_modules/express/lib/router/index.js:145:5)
    at Router._dispatch (/srv/home/smdux1/MELTS---KnowlegdeMap/node_modules/express/lib/router/index.js:173:5)
    at Object.router (/srv/home/smdux1/MELTS---KnowlegdeMap/node_modules/express/lib/router/index.js:33:10)
    at Context.next (/srv/home/smdux1/MELTS---KnowlegdeMap/node_modules/express/node_modules/connect/lib/proto.js:193:15)
    at Context.actions.pass (/srv/home/smdux1/MELTS---KnowlegdeMap/node_modules/passport/lib/passport/context/http/actions.js:77:8)
    at /srv/home/smdux1/MELTS---KnowlegdeMap/node_modules/passport/lib/passport/strategies/session.js:61:12
    at pass (/srv/home/smdux1/MELTS---KnowlegdeMap/node_modules/passport/lib/passport/index.js:321:31)
[90mPOST /api/map [31m500 [90m15ms - 1.08kb[0m
TypeError: Cannot call method 'split' of undefined
    at /srv/home/smdux1/MELTS---KnowlegdeMap/app/routes.js:112:41
    at callbacks (/srv/home/smdux1/MELTS---KnowlegdeMap/node_modules/express/lib/router/index.js:164:37)
    at param (/srv/home/smdux1/MELTS---KnowlegdeMap/node_modules/express/lib/router/index.js:138:11)
    at pass (/srv/home/smdux1/MELTS---KnowlegdeMap/node_modules/express/lib/router/index.js:145:5)
    at Router._dispatch (/srv/home/smdux1/MELTS---KnowlegdeMap/node_modules/express/lib/router/index.js:173:5)
    at Object.router (/srv/home/smdux1/MELTS---KnowlegdeMap/node_modules/express/lib/router/index.js:33:10)
    at Context.next (/srv/home/smdux1/MELTS---KnowlegdeMap/node_modules/express/node_modules/connect/lib/proto.js:193:15)
    at Context.actions.pass (/srv/home/smdux1/MELTS---KnowlegdeMap/node_modules/passport/lib/passport/context/http/actions.js:77:8)
    at /srv/home/smdux1/MELTS---KnowlegdeMap/node_modules/passport/lib/passport/strategies/session.js:61:12
    at pass (/srv/home/smdux1/MELTS---KnowlegdeMap/node_modules/passport/lib/passport/index.js:321:31)
[90mPOST /api/map [31m500 [90m7ms - 1.08kb[0m
TypeError: Cannot call method 'split' of undefined
    at /srv/home/smdux1/MELTS---KnowlegdeMap/app/routes.js:112:41
    at callbacks (/srv/home/smdux1/MELTS---KnowlegdeMap/node_modules/express/lib/router/index.js:164:37)
    at param (/srv/home/smdux1/MELTS---KnowlegdeMap/node_modules/express/lib/router/index.js:138:11)
    at pass (/srv/home/smdux1/MELTS---KnowlegdeMap/node_modules/express/lib/router/index.js:145:5)
    at Router._dispatch (/srv/home/smdux1/MELTS---KnowlegdeMap/node_modules/express/lib/router/index.js:173:5)
    at Object.router (/srv/home/smdux1/MELTS---KnowlegdeMap/node_modules/express/lib/router/index.js:33:10)
    at Context.next (/srv/home/smdux1/MELTS---KnowlegdeMap/node_modules/express/node_modules/connect/lib/proto.js:193:15)
    at Context.actions.pass (/srv/home/smdux1/MELTS---KnowlegdeMap/node_modules/passport/lib/passport/context/http/actions.js:77:8)
    at /srv/home/smdux1/MELTS---KnowlegdeMap/node_modules/passport/lib/passport/strategies/session.js:61:12
    at pass (/srv/home/smdux1/MELTS---KnowlegdeMap/node_modules/passport/lib/passport/index.js:321:31)
[90mPOST /api/map [31m500 [90m9ms - 1.08kb[0m
TypeError: Cannot call method 'split' of undefined
    at /srv/home/smdux1/MELTS---KnowlegdeMap/app/routes.js:112:41
    at callbacks (/srv/home/smdux1/MELTS---KnowlegdeMap/node_modules/express/lib/router/index.js:164:37)
    at param (/srv/home/smdux1/MELTS---KnowlegdeMap/node_modules/express/lib/router/index.js:138:11)
    at pass (/srv/home/smdux1/MELTS---KnowlegdeMap/node_modules/express/lib/router/index.js:145:5)
    at Router._dispatch (/srv/home/smdux1/MELTS---KnowlegdeMap/node_modules/express/lib/router/index.js:173:5)
    at Object.router (/srv/home/smdux1/MELTS---KnowlegdeMap/node_modules/express/lib/router/index.js:33:10)
    at Context.next (/srv/home/smdux1/MELTS---KnowlegdeMap/node_modules/express/node_modules/connect/lib/proto.js:193:15)
    at Context.actions.pass (/srv/home/smdux1/MELTS---KnowlegdeMap/node_modules/passport/lib/passport/context/http/actions.js:77:8)
    at /srv/home/smdux1/MELTS---KnowlegdeMap/node_modules/passport/lib/passport/strategies/session.js:61:12
    at pass (/srv/home/smdux1/MELTS---KnowlegdeMap/node_modules/passport/lib/passport/index.js:321:31)
[90mPOST /api/map [31m500 [90m5ms - 1.08kb[0m
TypeError: Cannot call method 'split' of undefined
    at /srv/home/smdux1/MELTS---KnowlegdeMap/app/routes.js:112:41
    at callbacks (/srv/home/smdux1/MELTS---KnowlegdeMap/node_modules/express/lib/router/index.js:164:37)
    at param (/srv/home/smdux1/MELTS---KnowlegdeMap/node_modules/express/lib/router/index.js:138:11)
    at pass (/srv/home/smdux1/MELTS---KnowlegdeMap/node_modules/express/lib/router/index.js:145:5)
    at Router._dispatch (/srv/home/smdux1/MELTS---KnowlegdeMap/node_modules/express/lib/router/index.js:173:5)
    at Object.router (/srv/home/smdux1/MELTS---KnowlegdeMap/node_modules/express/lib/router/index.js:33:10)
    at Context.next (/srv/home/smdux1/MELTS---KnowlegdeMap/node_modules/express/node_modules/connect/lib/proto.js:193:15)
    at Context.actions.pass (/srv/home/smdux1/MELTS---KnowlegdeMap/node_modules/passport/lib/passport/context/http/actions.js:77:8)
    at /srv/home/smdux1/MELTS---KnowlegdeMap/node_modules/passport/lib/passport/strategies/session.js:61:12
    at pass (/srv/home/smdux1/MELTS---KnowlegdeMap/node_modules/passport/lib/passport/index.js:321:31)
[90mPOST /api/map [31m500 [90m7ms - 1.08kb[0m
TypeError: Cannot call method 'split' of undefined
    at /srv/home/smdux1/MELTS---KnowlegdeMap/app/routes.js:112:41
    at callbacks (/srv/home/smdux1/MELTS---KnowlegdeMap/node_modules/express/lib/router/index.js:164:37)
    at param (/srv/home/smdux1/MELTS---KnowlegdeMap/node_modules/express/lib/router/index.js:138:11)
    at pass (/srv/home/smdux1/MELTS---KnowlegdeMap/node_modules/express/lib/router/index.js:145:5)
    at Router._dispatch (/srv/home/smdux1/MELTS---KnowlegdeMap/node_modules/express/lib/router/index.js:173:5)
    at Object.router (/srv/home/smdux1/MELTS---KnowlegdeMap/node_modules/express/lib/router/index.js:33:10)
    at Context.next (/srv/home/smdux1/MELTS---KnowlegdeMap/node_modules/express/node_modules/connect/lib/proto.js:193:15)
    at Context.actions.pass (/srv/home/smdux1/MELTS---KnowlegdeMap/node_modules/passport/lib/passport/context/http/actions.js:77:8)
    at /srv/home/smdux1/MELTS---KnowlegdeMap/node_modules/passport/lib/passport/strategies/session.js:61:12
    at pass (/srv/home/smdux1/MELTS---KnowlegdeMap/node_modules/passport/lib/passport/index.js:321:31)
[90mPOST /api/map [31m500 [90m6ms - 1.08kb[0m
TypeError: Cannot call method 'split' of undefined
    at /srv/home/smdux1/MELTS---KnowlegdeMap/app/routes.js:112:41
    at callbacks (/srv/home/smdux1/MELTS---KnowlegdeMap/node_modules/express/lib/router/index.js:164:37)
    at param (/srv/home/smdux1/MELTS---KnowlegdeMap/node_modules/express/lib/router/index.js:138:11)
    at pass (/srv/home/smdux1/MELTS---KnowlegdeMap/node_modules/express/lib/router/index.js:145:5)
    at Router._dispatch (/srv/home/smdux1/MELTS---KnowlegdeMap/node_modules/express/lib/router/index.js:173:5)
    at Object.router (/srv/home/smdux1/MELTS---KnowlegdeMap/node_modules/express/lib/router/index.js:33:10)
    at Context.next (/srv/home/smdux1/MELTS---KnowlegdeMap/node_modules/express/node_modules/connect/lib/proto.js:193:15)
    at Context.actions.pass (/srv/home/smdux1/MELTS---KnowlegdeMap/node_modules/passport/lib/passport/context/http/actions.js:77:8)
    at /srv/home/smdux1/MELTS---KnowlegdeMap/node_modules/passport/lib/passport/strategies/session.js:61:12
    at pass (/srv/home/smdux1/MELTS---KnowlegdeMap/node_modules/passport/lib/passport/index.js:321:31)
[90mPOST /api/map [31m500 [90m7ms - 1.08kb[0m
[90mGET /map [36m304 [90m3ms[0m
[90mGET /api/map [32m200 [90m4ms - 795b[0m
[90mPOST /api/map [32m200 [90m16ms - 962b[0m
[90mGET /map [36m304 [90m4ms[0m
[90mGET /api/map [32m200 [90m9ms - 962b[0m
[90mDELETE /api/map/538ec37869fb4e0064833b35 [32m200 [90m6ms - 795b[0m
[90mDELETE /api/map/538ec38169fb4e0064833b36 [32m200 [90m11ms - 628b[0m
[90mGET / [32m200 [90m4ms - 867b[0m
[90mGET / [36m304 [90m7ms[0m
[90mGET /map [36m304 [90m3ms[0m
[90mGET /api/map [32m200 [90m6ms - 628b[0m
[90mGET /map [36m302 [90m1ms - 82b[0m
[90mGET /login [32m200 [90m2ms - 1.63kb[0m
[90mPOST /login [36m302 [90m142ms - 86b[0m
[90mGET /profile [32m200 [90m4ms - 1.45kb[0m
[90mGET /map [32m200 [90m12ms - 3.88kb[0m
[90mGET /api/map [32m200 [90m4ms - 628b[0m
[90mPOST /api/map [32m200 [90m8ms - 795b[0m
[90mPOST /api/map [32m200 [90m5ms - 962b[0m
[90mGET /map [36m304 [90m2ms[0m
[90mGET /api/map [32m200 [90m12ms - 962b[0m
[90mGET /map [36m304 [90m3ms[0m
[90mGET / [32m200 [90m2ms - 867b[0m
[90mGET / [32m200 [90m3ms - 867b[0m
[90mGET /map [36m304 [90m3ms[0m
[90mGET /api/map [32m200 [90m8ms - 962b[0m
[90mDELETE /api/map/538eeba769fb4e0064833b38 [32m200 [90m5ms - 795b[0m
[90mDELETE /api/map/538eeba669fb4e0064833b37 [32m200 [90m5ms - 628b[0m
[90mDELETE /api/map/538eeba669fb4e0064833b37 [32m200 [90m7ms - 628b[0m
[90mGET / [32m200 [90m5ms - 867b[0m
[90mGET /map [36m302 [90m2ms - 82b[0m
[90mGET /login [32m200 [90m2ms - 1.63kb[0m
[90mGET / [32m200 [90m3ms - 867b[0m
[90mGET / [32m200 [90m6ms - 867b[0m
[90mGET / [36m304 [90m2ms[0m
[90mGET / [32m200 [90m3ms - 867b[0m
[90mGET /map [36m302 [90m1ms - 82b[0m
[90mGET /login [32m200 [90m3ms - 1.63kb[0m
[90mPOST /login [36m302 [90m147ms - 86b[0m
[90mGET /profile [32m200 [90m4ms - 1.45kb[0m
[90mGET /map [32m200 [90m5ms - 3.88kb[0m
[90mGET /api/map [32m200 [90m7ms - 628b[0m
[90mPOST /api/map [32m200 [90m9ms - 823b[0m

events.js:72
        throw er; // Unhandled 'error' event
              ^
Error: failed to connect to [localhost:27017]
    at null.<anonymous> (/srv/home/smdux1/MELTS---KnowlegdeMap/node_modules/mongoose/node_modules/mongodb/lib/mongodb/connection/server.js:536:74)
    at EventEmitter.emit (events.js:106:17)
    at null.<anonymous> (/srv/home/smdux1/MELTS---KnowlegdeMap/node_modules/mongoose/node_modules/mongodb/lib/mongodb/connection/connection_pool.js:150:15)
    at EventEmitter.emit (events.js:98:17)
    at Socket.<anonymous> (/srv/home/smdux1/MELTS---KnowlegdeMap/node_modules/mongoose/node_modules/mongodb/lib/mongodb/connection/connection.js:516:10)
    at Socket.EventEmitter.emit (events.js:95:17)
    at net.js:440:14
    at process._tickCallback (node.js:415:13)
6 Jun 14:58:38 - [31m[nodemon] app crashed - waiting for file changes before starting...[39m
28 Jul 16:04:32 - [33m[nodemon] v1.0.20[39m
28 Jul 16:04:32 - [33m[nodemon] to restart at any time, enter `rs`[39m
28 Jul 16:04:32 - [33m[nodemon] watching: *.*[39m
28 Jul 16:04:32 - [32m[nodemon] starting `node /srv/home/smdux1/MELTS---KnowlegdeMap/server.js`[39m

events.js:72
        throw er; // Unhandled 'error' event
              ^
Error: listen EADDRINUSE
    at errnoException (net.js:904:11)
    at Server._listen2 (net.js:1042:14)
    at listen (net.js:1064:10)
    at net.js:1146:9
    at dns.js:72:18
    at process._tickCallback (node.js:415:13)
    at Function.Module.runMain (module.js:499:11)
    at startup (node.js:119:16)
    at node.js:902:3
28 Jul 16:04:33 - [31m[nodemon] app crashed - waiting for file changes before starting...[39m
31 Jul 15:42:14 - [33m[nodemon] v1.0.20[39m
31 Jul 15:42:14 - [33m[nodemon] to restart at any time, enter `rs`[39m
31 Jul 15:42:14 - [33m[nodemon] watching: *.*[39m
31 Jul 15:42:14 - [32m[nodemon] starting `node /srv/home/smdux1/MELTS---KnowlegdeMap/server.js`[39m
App listening on 130.194.20.158:8000
Connected to Mongoose DB
[90mGET /map [36m302 [90m19ms - 82b[0m
[90mGET /login [32m200 [90m12ms - 1.63kb[0m
[90mPOST /login [36m302 [90m206ms - 86b[0m
[90mGET /profile [36m304 [90m9ms[0m
[90mGET /map [32m200 [90m4ms - 3.88kb[0m
[90mGET /api/map [36m304 [90m10ms[0m
[90mPOST /api/map [32m200 [90m43ms - 996b[0m
[90mDELETE /api/map/53d9d784968b37e87288d2a8 [32m200 [90m33ms - 823b[0m
[90mGET /map [36m304 [90m5ms[0m
[90mGET /api/map [32m200 [90m7ms - 823b[0m
[90mGET / [32m200 [90m4ms - 867b[0m
[90mGET /login [32m200 [90m2ms - 1.63kb[0m
[90mPOST /login [36m302 [90m174ms - 86b[0m
[90mGET /profile [32m200 [90m6ms - 1.45kb[0m
[90mGET /map [32m200 [90m7ms - 3.88kb[0m
[90mGET /api/map [32m200 [90m7ms - 823b[0m
[90mGET /map [32m200 [90m4ms - 3.88kb[0m
[90mGET /api/map [36m304 [90m8ms[0m
[90mPOST /api/map [32m200 [90m10ms - 996b[0m
[90mGET /map [32m200 [90m6ms - 4.03kb[0m
[90mGET /api/map [32m200 [90m9ms - 996b[0m
[90mGET /map [32m200 [90m6ms - 4.11kb[0m
[90mGET /api/map [36m304 [90m9ms[0m
[90mGET /map [36m304 [90m3ms[0m
[90mGET /api/map [36m304 [90m11ms[0m
[90mDELETE /api/map/53db275f968b37e87288d2a9 [32m200 [90m13ms - 823b[0m
[90mGET /map [32m200 [90m12ms - 4.11kb[0m
[90mGET /api/map [32m200 [90m5ms - 823b[0m
[90mGET /map [32m200 [90m4ms - 4.1kb[0m
[90mGET /api/map [36m304 [90m5ms[0m
[90mGET /map [32m200 [90m3ms - 4.11kb[0m
[90mGET /api/map [36m304 [90m4ms[0m
[90mGET /map [32m200 [90m5ms - 4.11kb[0m
[90mGET /api/map [36m304 [90m6ms[0m
[90mGET /map [32m200 [90m7ms - 4.1kb[0m
[90mGET /api/map [36m304 [90m6ms[0m
[90mGET /map [32m200 [90m5ms - 0b[0m
[90mGET /map [32m200 [90m2ms - 4.13kb[0m
[90mGET /api/map [36m304 [90m3ms[0m
[90mGET /map [32m200 [90m4ms - 4.14kb[0m
[90mGET /api/map [36m304 [90m5ms[0m
[90mGET /map [32m200 [90m4ms - 4.14kb[0m
[90mGET /api/map [36m304 [90m6ms[0m
[90mGET /map [32m200 [90m2ms - 4.19kb[0m
[90mGET /api/map [36m304 [90m4ms[0m
1 Aug 16:47:34 - [32m[nodemon] restarting due to changes...[39m
1 Aug 16:47:34 - [32m[nodemon] restarting due to changes...[39m
1 Aug 16:47:34 - [32m[nodemon] restarting due to changes...[39m
1 Aug 16:47:34 - [32m[nodemon] starting `node /srv/home/smdux1/MELTS---KnowlegdeMap/server.js`[39m
App listening on 130.194.20.158:8000
Connected to Mongoose DB
[90mGET http://www.w3.org/ [32m200 [90m23ms - 867b[0m
[90mGET / [32m200 [90m7ms - 867b[0m
[90mGET /login [32m200 [90m6ms - 1.63kb[0m
[90mPOST /login [36m302 [90m208ms - 86b[0m
[90mGET /profile [32m200 [90m9ms - 1.45kb[0m
[90mGET /map [32m200 [90m8ms - 3.89kb[0m
[90mGET /api/map [36m304 [90m37ms[0m
[90mPOST /api/map [32m200 [90m27ms - 1.07kb[0m
[90mDELETE /api/map/53854dceee086276073d4707 [32m200 [90m18ms - 870b[0m
[90mDELETE /api/map/538c644969fb4e0064833b31 [32m200 [90m34ms - 681b[0m
[90mDELETE /api/map/538c647369fb4e0064833b32 [32m200 [90m7ms - 467b[0m
[90mDELETE /api/map/538ff69369fb4e0064833b39 [32m200 [90m6ms - 272b[0m
[90mDELETE /api/map/53ddc6de8794d2090fa932b2 [32m200 [90m6ms - 2b[0m
3 Aug 15:47:25 - [32m[nodemon] restarting due to changes...[39m
3 Aug 15:47:25 - [32m[nodemon] restarting due to changes...[39m
3 Aug 15:47:25 - [32m[nodemon] starting `node /srv/home/smdux1/MELTS---KnowlegdeMap/server.js`[39m
3 Aug 15:47:25 - [32m[nodemon] restarting due to changes...[39m
3 Aug 15:47:25 - [32m[nodemon] starting `node /srv/home/smdux1/MELTS---KnowlegdeMap/server.js`[39m
App listening on 130.194.20.158:8000
Connected to Mongoose DB
3 Aug 15:58:33 - [32m[nodemon] restarting due to changes...[39m
3 Aug 15:58:33 - [32m[nodemon] starting `node /srv/home/smdux1/MELTS---KnowlegdeMap/server.js`[39m
3 Aug 15:58:33 - [32m[nodemon] restarting due to changes...[39m
3 Aug 15:58:33 - [32m[nodemon] restarting due to changes...[39m
3 Aug 15:58:33 - [32m[nodemon] starting `node /srv/home/smdux1/MELTS---KnowlegdeMap/server.js`[39m

/srv/home/smdux1/MELTS---KnowlegdeMap/app/routes.js:112
            prerequisites: req.body.parents.split(','),(','),//split makes eac
                                                       ^
SyntaxError: Unexpected token (
    at Module._compile (module.js:439:25)
    at Object.Module._extensions..js (module.js:474:10)
    at Module.load (module.js:356:32)
    at Function.Module._load (module.js:312:12)
    at Module.require (module.js:364:17)
    at require (module.js:380:17)
    at Object.<anonymous> (/srv/home/smdux1/MELTS---KnowlegdeMap/server.js:39:1)
    at Module._compile (module.js:456:26)
    at Object.Module._extensions..js (module.js:474:10)
    at Module.load (module.js:356:32)
3 Aug 15:58:34 - [31m[nodemon] app crashed - waiting for file changes before starting...[39m
3 Aug 16:00:20 - [32m[nodemon] restarting due to changes...[39m
3 Aug 16:00:20 - [32m[nodemon] starting `node /srv/home/smdux1/MELTS---KnowlegdeMap/server.js`[39m
3 Aug 16:00:20 - [32m[nodemon] restarting due to changes...[39m
3 Aug 16:00:20 - [32m[nodemon] restarting due to changes...[39m
3 Aug 16:00:20 - [32m[nodemon] starting `node /srv/home/smdux1/MELTS---KnowlegdeMap/server.js`[39m

/srv/home/smdux1/MELTS---KnowlegdeMap/app/routes.js:113
            done: false
            ^^^^
SyntaxError: Unexpected identifier
    at Module._compile (module.js:439:25)
    at Object.Module._extensions..js (module.js:474:10)
    at Module.load (module.js:356:32)
    at Function.Module._load (module.js:312:12)
    at Module.require (module.js:364:17)
    at require (module.js:380:17)
    at Object.<anonymous> (/srv/home/smdux1/MELTS---KnowlegdeMap/server.js:39:1)
    at Module._compile (module.js:456:26)
    at Object.Module._extensions..js (module.js:474:10)
    at Module.load (module.js:356:32)
3 Aug 16:00:21 - [31m[nodemon] app crashed - waiting for file changes before starting...[39m
3 Aug 16:01:16 - [32m[nodemon] restarting due to changes...[39m
3 Aug 16:01:16 - [32m[nodemon] starting `node /srv/home/smdux1/MELTS---KnowlegdeMap/server.js`[39m
3 Aug 16:01:16 - [32m[nodemon] restarting due to changes...[39m
3 Aug 16:01:16 - [32m[nodemon] restarting due to changes...[39m
3 Aug 16:01:16 - [32m[nodemon] starting `node /srv/home/smdux1/MELTS---KnowlegdeMap/server.js`[39m

/srv/home/smdux1/MELTS---KnowlegdeMap/app/routes.js:112
            prerequisites: req.body.parents.split(',');//split makes each stri
                                                      ^
SyntaxError: Unexpected token ;
    at Module._compile (module.js:439:25)
    at Object.Module._extensions..js (module.js:474:10)
    at Module.load (module.js:356:32)
    at Function.Module._load (module.js:312:12)
    at Module.require (module.js:364:17)
    at require (module.js:380:17)
    at Object.<anonymous> (/srv/home/smdux1/MELTS---KnowlegdeMap/server.js:39:1)
    at Module._compile (module.js:456:26)
    at Object.Module._extensions..js (module.js:474:10)
    at Module.load (module.js:356:32)
3 Aug 16:01:17 - [31m[nodemon] app crashed - waiting for file changes before starting...[39m
3 Aug 16:02:00 - [32m[nodemon] restarting due to changes...[39m
3 Aug 16:02:00 - [32m[nodemon] starting `node /srv/home/smdux1/MELTS---KnowlegdeMap/server.js`[39m
3 Aug 16:02:00 - [32m[nodemon] restarting due to changes...[39m
3 Aug 16:02:00 - [32m[nodemon] restarting due to changes...[39m
3 Aug 16:02:00 - [32m[nodemon] starting `node /srv/home/smdux1/MELTS---KnowlegdeMap/server.js`[39m
App listening on 130.194.20.158:8000
Connected to Mongoose DB
[90mGET /map [36m302 [90m19ms - 82b[0m
[90mGET /login [32m200 [90m11ms - 1.63kb[0m
[90mPOST /login [36m302 [90m173ms - 86b[0m
[90mGET /profile [36m304 [90m9ms[0m
[90mGET /map [32m200 [90m6ms - 3.58kb[0m
[90mGET /api/map [32m200 [90m7ms - 2b[0m
TypeError: Cannot call method 'split' of undefined
    at /srv/home/smdux1/MELTS---KnowlegdeMap/app/routes.js:112:45
    at callbacks (/srv/home/smdux1/MELTS---KnowlegdeMap/node_modules/express/lib/router/index.js:164:37)
    at param (/srv/home/smdux1/MELTS---KnowlegdeMap/node_modules/express/lib/router/index.js:138:11)
    at pass (/srv/home/smdux1/MELTS---KnowlegdeMap/node_modules/express/lib/router/index.js:145:5)
    at Router._dispatch (/srv/home/smdux1/MELTS---KnowlegdeMap/node_modules/express/lib/router/index.js:173:5)
    at Object.router (/srv/home/smdux1/MELTS---KnowlegdeMap/node_modules/express/lib/router/index.js:33:10)
    at Context.next (/srv/home/smdux1/MELTS---KnowlegdeMap/node_modules/express/node_modules/connect/lib/proto.js:193:15)
    at Context.actions.pass (/srv/home/smdux1/MELTS---KnowlegdeMap/node_modules/passport/lib/passport/context/http/actions.js:77:8)
    at /srv/home/smdux1/MELTS---KnowlegdeMap/node_modules/passport/lib/passport/strategies/session.js:61:12
    at pass (/srv/home/smdux1/MELTS---KnowlegdeMap/node_modules/passport/lib/passport/index.js:321:31)
[90mPOST /api/map [31m500 [90m12ms - 1.08kb[0m
TypeError: Cannot call method 'split' of undefined
    at /srv/home/smdux1/MELTS---KnowlegdeMap/app/routes.js:112:45
    at callbacks (/srv/home/smdux1/MELTS---KnowlegdeMap/node_modules/express/lib/router/index.js:164:37)
    at param (/srv/home/smdux1/MELTS---KnowlegdeMap/node_modules/express/lib/router/index.js:138:11)
    at pass (/srv/home/smdux1/MELTS---KnowlegdeMap/node_modules/express/lib/router/index.js:145:5)
    at Router._dispatch (/srv/home/smdux1/MELTS---KnowlegdeMap/node_modules/express/lib/router/index.js:173:5)
    at Object.router (/srv/home/smdux1/MELTS---KnowlegdeMap/node_modules/express/lib/router/index.js:33:10)
    at Context.next (/srv/home/smdux1/MELTS---KnowlegdeMap/node_modules/express/node_modules/connect/lib/proto.js:193:15)
    at Context.actions.pass (/srv/home/smdux1/MELTS---KnowlegdeMap/node_modules/passport/lib/passport/context/http/actions.js:77:8)
    at /srv/home/smdux1/MELTS---KnowlegdeMap/node_modules/passport/lib/passport/strategies/session.js:61:12
    at pass (/srv/home/smdux1/MELTS---KnowlegdeMap/node_modules/passport/lib/passport/index.js:321:31)
[90mPOST /api/map [31m500 [90m6ms - 1.08kb[0m
TypeError: Cannot call method 'split' of undefined
    at /srv/home/smdux1/MELTS---KnowlegdeMap/app/routes.js:112:45
    at callbacks (/srv/home/smdux1/MELTS---KnowlegdeMap/node_modules/express/lib/router/index.js:164:37)
    at param (/srv/home/smdux1/MELTS---KnowlegdeMap/node_modules/express/lib/router/index.js:138:11)
    at pass (/srv/home/smdux1/MELTS---KnowlegdeMap/node_modules/express/lib/router/index.js:145:5)
    at Router._dispatch (/srv/home/smdux1/MELTS---KnowlegdeMap/node_modules/express/lib/router/index.js:173:5)
    at Object.router (/srv/home/smdux1/MELTS---KnowlegdeMap/node_modules/express/lib/router/index.js:33:10)
    at Context.next (/srv/home/smdux1/MELTS---KnowlegdeMap/node_modules/express/node_modules/connect/lib/proto.js:193:15)
    at Context.actions.pass (/srv/home/smdux1/MELTS---KnowlegdeMap/node_modules/passport/lib/passport/context/http/actions.js:77:8)
    at /srv/home/smdux1/MELTS---KnowlegdeMap/node_modules/passport/lib/passport/strategies/session.js:61:12
    at pass (/srv/home/smdux1/MELTS---KnowlegdeMap/node_modules/passport/lib/passport/index.js:321:31)
[90mPOST /api/map [31m500 [90m6ms - 1.08kb[0m
TypeError: Cannot call method 'split' of undefined
    at /srv/home/smdux1/MELTS---KnowlegdeMap/app/routes.js:112:45
    at callbacks (/srv/home/smdux1/MELTS---KnowlegdeMap/node_modules/express/lib/router/index.js:164:37)
    at param (/srv/home/smdux1/MELTS---KnowlegdeMap/node_modules/express/lib/router/index.js:138:11)
    at pass (/srv/home/smdux1/MELTS---KnowlegdeMap/node_modules/express/lib/router/index.js:145:5)
    at Router._dispatch (/srv/home/smdux1/MELTS---KnowlegdeMap/node_modules/express/lib/router/index.js:173:5)
    at Object.router (/srv/home/smdux1/MELTS---KnowlegdeMap/node_modules/express/lib/router/index.js:33:10)
    at Context.next (/srv/home/smdux1/MELTS---KnowlegdeMap/node_modules/express/node_modules/connect/lib/proto.js:193:15)
    at Context.actions.pass (/srv/home/smdux1/MELTS---KnowlegdeMap/node_modules/passport/lib/passport/context/http/actions.js:77:8)
    at /srv/home/smdux1/MELTS---KnowlegdeMap/node_modules/passport/lib/passport/strategies/session.js:61:12
    at pass (/srv/home/smdux1/MELTS---KnowlegdeMap/node_modules/passport/lib/passport/index.js:321:31)
[90mPOST /api/map [31m500 [90m6ms - 1.08kb[0m
TypeError: Cannot call method 'split' of undefined
    at /srv/home/smdux1/MELTS---KnowlegdeMap/app/routes.js:112:45
    at callbacks (/srv/home/smdux1/MELTS---KnowlegdeMap/node_modules/express/lib/router/index.js:164:37)
    at param (/srv/home/smdux1/MELTS---KnowlegdeMap/node_modules/express/lib/router/index.js:138:11)
    at pass (/srv/home/smdux1/MELTS---KnowlegdeMap/node_modules/express/lib/router/index.js:145:5)
    at Router._dispatch (/srv/home/smdux1/MELTS---KnowlegdeMap/node_modules/express/lib/router/index.js:173:5)
    at Object.router (/srv/home/smdux1/MELTS---KnowlegdeMap/node_modules/express/lib/router/index.js:33:10)
    at Context.next (/srv/home/smdux1/MELTS---KnowlegdeMap/node_modules/express/node_modules/connect/lib/proto.js:193:15)
    at Context.actions.pass (/srv/home/smdux1/MELTS---KnowlegdeMap/node_modules/passport/lib/passport/context/http/actions.js:77:8)
    at /srv/home/smdux1/MELTS---KnowlegdeMap/node_modules/passport/lib/passport/strategies/session.js:61:12
    at pass (/srv/home/smdux1/MELTS---KnowlegdeMap/node_modules/passport/lib/passport/index.js:321:31)
[90mPOST /api/map [31m500 [90m5ms - 1.08kb[0m
TypeError: Cannot call method 'split' of undefined
    at /srv/home/smdux1/MELTS---KnowlegdeMap/app/routes.js:112:45
    at callbacks (/srv/home/smdux1/MELTS---KnowlegdeMap/node_modules/express/lib/router/index.js:164:37)
    at param (/srv/home/smdux1/MELTS---KnowlegdeMap/node_modules/express/lib/router/index.js:138:11)
    at pass (/srv/home/smdux1/MELTS---KnowlegdeMap/node_modules/express/lib/router/index.js:145:5)
    at Router._dispatch (/srv/home/smdux1/MELTS---KnowlegdeMap/node_modules/express/lib/router/index.js:173:5)
    at Object.router (/srv/home/smdux1/MELTS---KnowlegdeMap/node_modules/express/lib/router/index.js:33:10)
    at Context.next (/srv/home/smdux1/MELTS---KnowlegdeMap/node_modules/express/node_modules/connect/lib/proto.js:193:15)
    at Context.actions.pass (/srv/home/smdux1/MELTS---KnowlegdeMap/node_modules/passport/lib/passport/context/http/actions.js:77:8)
    at /srv/home/smdux1/MELTS---KnowlegdeMap/node_modules/passport/lib/passport/strategies/session.js:61:12
    at pass (/srv/home/smdux1/MELTS---KnowlegdeMap/node_modules/passport/lib/passport/index.js:321:31)
[90mPOST /api/map [31m500 [90m5ms - 1.08kb[0m
TypeError: Cannot call method 'split' of undefined
    at /srv/home/smdux1/MELTS---KnowlegdeMap/app/routes.js:112:45
    at callbacks (/srv/home/smdux1/MELTS---KnowlegdeMap/node_modules/express/lib/router/index.js:164:37)
    at param (/srv/home/smdux1/MELTS---KnowlegdeMap/node_modules/express/lib/router/index.js:138:11)
    at pass (/srv/home/smdux1/MELTS---KnowlegdeMap/node_modules/express/lib/router/index.js:145:5)
    at Router._dispatch (/srv/home/smdux1/MELTS---KnowlegdeMap/node_modules/express/lib/router/index.js:173:5)
    at Object.router (/srv/home/smdux1/MELTS---KnowlegdeMap/node_modules/express/lib/router/index.js:33:10)
    at Context.next (/srv/home/smdux1/MELTS---KnowlegdeMap/node_modules/express/node_modules/connect/lib/proto.js:193:15)
    at Context.actions.pass (/srv/home/smdux1/MELTS---KnowlegdeMap/node_modules/passport/lib/passport/context/http/actions.js:77:8)
    at /srv/home/smdux1/MELTS---KnowlegdeMap/node_modules/passport/lib/passport/strategies/session.js:61:12
    at pass (/srv/home/smdux1/MELTS---KnowlegdeMap/node_modules/passport/lib/passport/index.js:321:31)
[90mPOST /api/map [31m500 [90m6ms - 1.08kb[0m
TypeError: Cannot call method 'split' of undefined
    at /srv/home/smdux1/MELTS---KnowlegdeMap/app/routes.js:112:45
    at callbacks (/srv/home/smdux1/MELTS---KnowlegdeMap/node_modules/express/lib/router/index.js:164:37)
    at param (/srv/home/smdux1/MELTS---KnowlegdeMap/node_modules/express/lib/router/index.js:138:11)
    at pass (/srv/home/smdux1/MELTS---KnowlegdeMap/node_modules/express/lib/router/index.js:145:5)
    at Router._dispatch (/srv/home/smdux1/MELTS---KnowlegdeMap/node_modules/express/lib/router/index.js:173:5)
    at Object.router (/srv/home/smdux1/MELTS---KnowlegdeMap/node_modules/express/lib/router/index.js:33:10)
    at Context.next (/srv/home/smdux1/MELTS---KnowlegdeMap/node_modules/express/node_modules/connect/lib/proto.js:193:15)
    at Context.actions.pass (/srv/home/smdux1/MELTS---KnowlegdeMap/node_modules/passport/lib/passport/context/http/actions.js:77:8)
    at /srv/home/smdux1/MELTS---KnowlegdeMap/node_modules/passport/lib/passport/strategies/session.js:61:12
    at pass (/srv/home/smdux1/MELTS---KnowlegdeMap/node_modules/passport/lib/passport/index.js:321:31)
[90mPOST /api/map [31m500 [90m6ms - 1.08kb[0m
