-----------------------------------------
Update available: 1.2.1 (current: 1.0.20)
Run npm update -g nodemon to update
-----------------------------------------
7 Oct 11:19:58 - [33m[nodemon] v1.0.20[39m
7 Oct 11:19:58 - [33m[nodemon] to restart at any time, enter `rs`[39m
7 Oct 11:19:58 - [33m[nodemon] watching: *.*[39m
7 Oct 11:19:58 - [32m[nodemon] starting `node /srv/home/smdux1/MELTS---KnowlegdeMap/server.js`[39m
App listening on 130.194.20.158:8000
Connected to Mongoose DB
[90mGET / [36m304 [90m17ms[0m
[90mGET /signup [32m200 [90m10ms - 1.64kb[0m
[90mGET /login [32m200 [90m4ms - 1.63kb[0m
[90mPOST /login [36m302 [90m183ms - 86b[0m
[90mGET /profile [32m200 [90m7ms - 1kb[0m
[90mGET /mod [32m200 [90m6ms - 3.58kb[0m
[90mGET /api/map [32m200 [90m102ms - 27.08kb[0m
[90mGET /mod [36m302 [90m5ms - 82b[0m
[90mGET /login [32m200 [90m4ms - 1.63kb[0m
[90mGET / [32m200 [90m7ms - 830b[0m
[90mGET /login [32m200 [90m3ms - 1.63kb[0m
[90mPOST /login [36m302 [90m152ms - 86b[0m
[90mGET /profile [32m200 [90m5ms - 1kb[0m
[90mGET /map [32m200 [90m6ms - 2.34kb[0m
Searched for:
[90mPOST /api/map/search [32m200 [90m67ms - 27.08kb[0m
Searched for:
[90mPOST /api/map/search [32m200 [90m56ms - 27.08kb[0m
Searched for:AND GATES
[90mPOST /api/map/search [32m200 [90m13ms - 296b[0m
Searched for:
[90mPOST /api/map/search [32m200 [90m45ms - 27.08kb[0m
Searched for:ECE2061,ENG1030
[90mPOST /api/map/search [32m200 [90m18ms - 9.03kb[0m
Searched for:`REAL POWER
[90mPOST /api/map/search [32m200 [90m10ms - 1.93kb[0m
Searched for:
[90mPOST /api/map/search [32m200 [90m49ms - 27.08kb[0m
Searched for:
[90mPOST /api/map/search [32m200 [90m46ms - 27.08kb[0m
Searched for:
[90mPOST /api/map/search [32m200 [90m56ms - 27.08kb[0m
Searched for:
[90mPOST /api/map/search [32m200 [90m65ms - 27.08kb[0m
Searched for:ENG1030
[90mPOST /api/map/search [32m200 [90m20ms - 4.79kb[0m
Searched for:
[90mPOST /api/map/search [32m200 [90m79ms - 27.08kb[0m
Searched for:`TCP/IP ARCHITECTURE
[90mPOST /api/map/search [32m200 [90m20ms - 308b[0m
Searched for:
[90mPOST /api/map/search [32m200 [90m37ms - 27.08kb[0m
Searched for:`ROM
[90mPOST /api/map/search [32m200 [90m13ms - 705b[0m
Searched for:
[90mPOST /api/map/search [32m200 [90m46ms - 27.08kb[0m
Searched for:
[90mPOST /api/map/search [32m200 [90m39ms - 27.08kb[0m
Searched for:
[90mPOST /api/map/search [32m200 [90m38ms - 27.08kb[0m
[90mGET /mod [32m200 [90m6ms - 3.58kb[0m
[90mGET /api/map [32m200 [90m41ms - 27.08kb[0m
5430edf13472488529332e0a
[90mDELETE /api/mod/5430edf13472488529332e0a [32m200 [90m53ms - 26.72kb[0m
[90mGET / [32m200 [90m4ms - 830b[0m
[90mGET / [32m200 [90m2ms - 830b[0m
[90mGET /map [32m200 [90m1ms - 2.34kb[0m
Searched for:
[90mPOST /api/map/search [32m200 [90m24ms - 26.72kb[0m
Searched for:
[90mPOST /api/map/search [32m200 [90m20ms - 26.72kb[0m
Searched for:
[90mPOST /api/map/search [32m200 [90m39ms - 26.72kb[0m
[90mGET / [32m200 [90m2ms - 830b[0m
[90mGET /map [32m200 [90m1ms - 2.34kb[0m
Searched for:
[90mPOST /api/map/search [32m200 [90m38ms - 26.72kb[0m
Searched for:
[90mPOST /api/map/search [32m200 [90m81ms - 26.72kb[0m
[90mGET /mod [36m302 [90m4ms - 82b[0m
[90mGET / [32m200 [90m3ms - 830b[0m
[90mGET /login [32m200 [90m3ms - 1.63kb[0m
[90mGET / [32m200 [90m3ms - 830b[0m
[90mGET /map [32m200 [90m3ms - 2.34kb[0m
Searched for:
[90mPOST /api/map/search [32m200 [90m61ms - 26.72kb[0m
Searched for:
[90mPOST /api/map/search [32m200 [90m61ms - 26.72kb[0m
Searched for:ECE2031
[90mPOST /api/map/search [32m200 [90m9ms - 1.11kb[0m
Searched for:ENG1030
[90mPOST /api/map/search [32m200 [90m13ms - 4.79kb[0m
[90mGET / [36m304 [90m4ms[0m
[90mGET /map [32m200 [90m4ms - 2.34kb[0m
Searched for:
[90mPOST /api/map/search [32m200 [90m38ms - 26.72kb[0m
[90mGET /map [32m200 [90m3ms - 2.34kb[0m
Searched for:
[90mPOST /api/map/search [32m200 [90m39ms - 26.72kb[0m
[90mGET / [36m304 [90m3ms[0m
Searched for:
[90mPOST /api/map/search [32m200 [90m48ms - 26.72kb[0m
Searched for:`LINEAR REGRESSION
[90mPOST /api/map/search [32m200 [90m11ms - 753b[0m
Searched for:
[90mPOST /api/map/search [32m200 [90m38ms - 26.72kb[0m
[90mGET /map [36m304 [90m3ms[0m
Searched for:
[90mPOST /api/map/search [32m200 [90m76ms - 26.72kb[0m
[90mGET /mod [36m302 [90m1ms - 82b[0m
[90mGET / [32m200 [90m7ms - 830b[0m
[90mGET /login [32m200 [90m2ms - 1.63kb[0m
[90mGET /map [32m200 [90m4ms - 2.34kb[0m
Searched for:
[90mPOST /api/map/search [32m200 [90m43ms - 26.72kb[0m
[90mGET /map [36m304 [90m3ms[0m
Searched for:
[90mPOST /api/map/search [32m200 [90m37ms - 26.72kb[0m
[90mGET /map [32m200 [90m2ms - 2.44kb[0m
Searched for:
[90mPOST /api/map/search [32m200 [90m38ms - 26.72kb[0m
Searched for:
[90mPOST /api/map/search [32m200 [90m55ms - 26.72kb[0m
Searched for:
[90mPOST /api/map/search [32m200 [90m56ms - 26.72kb[0m
Searched for:`TCP/IP ARCHITECTURE
[90mPOST /api/map/search [32m200 [90m10ms - 308b[0m
Searched for:
[90mPOST /api/map/search [32m200 [90m48ms - 26.72kb[0m
9 Oct 15:33:02 - [32m[nodemon] restarting due to changes...[39m
9 Oct 15:33:03 - [32m[nodemon] restarting due to changes...[39m
9 Oct 15:33:03 - [32m[nodemon] starting `node /srv/home/smdux1/MELTS---KnowlegdeMap/server.js`[39m
9 Oct 15:33:03 - [32m[nodemon] restarting due to changes...[39m
9 Oct 15:33:03 - [32m[nodemon] starting `node /srv/home/smdux1/MELTS---KnowlegdeMap/server.js`[39m
App listening on 130.194.20.158:8000
Connected to Mongoose DB
9 Oct 15:35:02 - [32m[nodemon] restarting due to changes...[39m
9 Oct 15:35:02 - [32m[nodemon] starting `node /srv/home/smdux1/MELTS---KnowlegdeMap/server.js`[39m
9 Oct 15:35:02 - [32m[nodemon] restarting due to changes...[39m
9 Oct 15:35:02 - [32m[nodemon] restarting due to changes...[39m
9 Oct 15:35:02 - [32m[nodemon] starting `node /srv/home/smdux1/MELTS---KnowlegdeMap/server.js`[39m
App listening on 130.194.20.158:8000
Connected to Mongoose DB
[90mGET /map [32m200 [90m23ms - 2.54kb[0m
Searched for:
[90mPOST /api/map/search [32m200 [90m99ms - 26.72kb[0m
Searched for:
[90mPOST /api/map/search [32m200 [90m85ms - 26.72kb[0m
Searched for:`ELECTRICAL ENGINEERING
[90mPOST /api/map/search [32m200 [90m20ms - 1.82kb[0m
[90mGET /map [32m200 [90m7ms - 2.54kb[0m
Searched for:
[90mPOST /api/map/search [32m200 [90m47ms - 26.72kb[0m
Searched for:
[90mPOST /api/map/search [32m200 [90m52ms - 26.72kb[0m
Searched for:`FLIP FLOPS
[90mPOST /api/map/search [32m200 [90m10ms - 1.47kb[0m
[90mGET /map [32m200 [90m3ms - 2.59kb[0m
Searched for:
[90mPOST /api/map/search [32m200 [90m45ms - 26.72kb[0m
Searched for:`ELECTRICAL ENGINEERING
[90mPOST /api/map/search [32m200 [90m10ms - 1.82kb[0m
[90mGET /map [32m200 [90m4ms - 2.59kb[0m
Searched for:
[90mPOST /api/map/search [32m200 [90m39ms - 26.72kb[0m
Searched for:`ELECTRICAL ENGINEERING
[90mPOST /api/map/search [32m200 [90m8ms - 1.82kb[0m
[90mGET /map [32m200 [90m3ms - 2.59kb[0m
Searched for:
[90mPOST /api/map/search [32m200 [90m48ms - 26.72kb[0m
Searched for:`ELECTRICAL ENGINEERING
[90mPOST /api/map/search [32m200 [90m9ms - 1.82kb[0m
[90mGET /map [32m200 [90m3ms - 2.56kb[0m
Searched for:
[90mPOST /api/map/search [32m200 [90m39ms - 26.72kb[0m
Searched for:`OHMS LAW
[90mPOST /api/map/search [32m200 [90m13ms - 5.07kb[0m
Searched for:AC,KVL
[90mPOST /api/map/search [32m200 [90m5ms - 564b[0m
[90mGET /map [32m200 [90m3ms - 2.62kb[0m
Searched for:
[90mPOST /api/map/search [32m200 [90m61ms - 26.72kb[0m
Searched for:AC,KVL
[90mPOST /api/map/search [32m200 [90m7ms - 564b[0m
9 Oct 15:52:44 - [32m[nodemon] restarting due to changes...[39m
9 Oct 15:52:44 - [32m[nodemon] starting `node /srv/home/smdux1/MELTS---KnowlegdeMap/server.js`[39m
9 Oct 15:52:44 - [32m[nodemon] restarting due to changes...[39m
9 Oct 15:52:44 - [32m[nodemon] restarting due to changes...[39m
9 Oct 15:52:45 - [32m[nodemon] starting `node /srv/home/smdux1/MELTS---KnowlegdeMap/server.js`[39m
App listening on 130.194.20.158:8000
Connected to Mongoose DB
[90mGET /map [32m200 [90m24ms - 2.64kb[0m
Searched for:
[90mPOST /api/map/search [32m200 [90m95ms - 26.72kb[0m
Searched for:
[90mPOST /api/map/search [32m200 [90m84ms - 26.72kb[0m
Searched for:`VOLTAGE
[90mPOST /api/map/search [32m200 [90m19ms - 2.44kb[0m
9 Oct 15:55:29 - [32m[nodemon] restarting due to changes...[39m
9 Oct 15:55:29 - [32m[nodemon] starting `node /srv/home/smdux1/MELTS---KnowlegdeMap/server.js`[39m
9 Oct 15:55:30 - [32m[nodemon] restarting due to changes...[39m
9 Oct 15:55:30 - [32m[nodemon] restarting due to changes...[39m
9 Oct 15:55:30 - [32m[nodemon] starting `node /srv/home/smdux1/MELTS---KnowlegdeMap/server.js`[39m
App listening on 130.194.20.158:8000
Connected to Mongoose DB
[90mGET /map [32m200 [90m23ms - 2.66kb[0m
Searched for:
[90mPOST /api/map/search [32m200 [90m92ms - 26.72kb[0m
Searched for:
[90mPOST /api/map/search [32m200 [90m86ms - 26.72kb[0m
Searched for:
[90mPOST /api/map/search [32m200 [90m47ms - 26.72kb[0m
Searched for:
[90mPOST /api/map/search [32m200 [90m46ms - 26.72kb[0m
Searched for:
[90mPOST /api/map/search [32m200 [90m43ms - 26.72kb[0m
Searched for:AC
[90mPOST /api/map/search [32m200 [90m9ms - 282b[0m
Searched for:`AC
[90mPOST /api/map/search [32m200 [90m9ms - 812b[0m
Searched for:
[90mPOST /api/map/search [32m200 [90m40ms - 26.72kb[0m
Searched for:
[90mPOST /api/map/search [32m200 [90m47ms - 26.72kb[0m
Searched for:
[90mPOST /api/map/search [32m200 [90m38ms - 26.72kb[0m
Searched for:
[90mPOST /api/map/search [32m200 [90m36ms - 26.72kb[0m
Searched for:
[90mPOST /api/map/search [32m200 [90m56ms - 26.72kb[0m
Searched for:
[90mPOST /api/map/search [32m200 [90m49ms - 26.72kb[0m
Searched for:
[90mPOST /api/map/search [32m200 [90m63ms - 26.72kb[0m
Searched for:
[90mPOST /api/map/search [32m200 [90m37ms - 26.72kb[0m
Searched for:`OHMS LAW
[90mPOST /api/map/search [32m200 [90m14ms - 5.07kb[0m
Searched for:
[90mPOST /api/map/search [32m200 [90m33ms - 26.72kb[0m
Searched for:
[90mPOST /api/map/search [32m200 [90m34ms - 26.72kb[0m
Searched for:
[90mPOST /api/map/search [32m200 [90m34ms - 26.72kb[0m
Searched for:
[90mPOST /api/map/search [32m200 [90m34ms - 26.72kb[0m
Searched for:
[90mPOST /api/map/search [32m200 [90m44ms - 26.72kb[0m
Searched for:
[90mPOST /api/map/search [32m200 [90m35ms - 26.72kb[0m
Searched for:
[90mPOST /api/map/search [32m200 [90m35ms - 26.72kb[0m
9 Oct 15:57:18 - [32m[nodemon] restarting due to changes...[39m
9 Oct 15:57:18 - [32m[nodemon] starting `node /srv/home/smdux1/MELTS---KnowlegdeMap/server.js`[39m
9 Oct 15:57:18 - [32m[nodemon] restarting due to changes...[39m
9 Oct 15:57:18 - [32m[nodemon] restarting due to changes...[39m
9 Oct 15:57:18 - [32m[nodemon] starting `node /srv/home/smdux1/MELTS---KnowlegdeMap/server.js`[39m
App listening on 130.194.20.158:8000
Connected to Mongoose DB
[90mGET /map [36m304 [90m17ms[0m
Searched for:
[90mPOST /api/map/search [32m200 [90m95ms - 26.72kb[0m
9 Oct 15:58:26 - [32m[nodemon] restarting due to changes...[39m
9 Oct 15:58:26 - [32m[nodemon] starting `node /srv/home/smdux1/MELTS---KnowlegdeMap/server.js`[39m
9 Oct 15:58:26 - [32m[nodemon] restarting due to changes...[39m
9 Oct 15:58:26 - [32m[nodemon] restarting due to changes...[39m
9 Oct 15:58:26 - [32m[nodemon] starting `node /srv/home/smdux1/MELTS---KnowlegdeMap/server.js`[39m
App listening on 130.194.20.158:8000
Connected to Mongoose DB
[90mGET /map [36m304 [90m17ms[0m
Searched for:
[90mPOST /api/map/search [32m200 [90m105ms - 26.72kb[0m
Searched for:`REACTIVE POWER
[90mPOST /api/map/search [32m200 [90m18ms - 991b[0m
Searched for:`VOLTAGE
[90mPOST /api/map/search [32m200 [90m15ms - 2.44kb[0m
Searched for:
[90mPOST /api/map/search [32m200 [90m77ms - 26.72kb[0m
9 Oct 15:59:19 - [32m[nodemon] restarting due to changes...[39m
9 Oct 15:59:19 - [32m[nodemon] starting `node /srv/home/smdux1/MELTS---KnowlegdeMap/server.js`[39m
9 Oct 15:59:19 - [32m[nodemon] restarting due to changes...[39m
9 Oct 15:59:20 - [32m[nodemon] starting `node /srv/home/smdux1/MELTS---KnowlegdeMap/server.js`[39m
App listening on 130.194.20.158:8000
Connected to Mongoose DB
[90mGET /map [36m304 [90m16ms[0m
Searched for:
[90mPOST /api/map/search [32m200 [90m92ms - 26.72kb[0m
Searched for:`RESISTANCE
[90mPOST /api/map/search [32m200 [90m16ms - 1.13kb[0m
Searched for:
[90mPOST /api/map/search [32m200 [90m82ms - 26.72kb[0m
9 Oct 15:59:39 - [32m[nodemon] restarting due to changes...[39m
9 Oct 15:59:39 - [32m[nodemon] starting `node /srv/home/smdux1/MELTS---KnowlegdeMap/server.js`[39m
9 Oct 15:59:39 - [32m[nodemon] restarting due to changes...[39m
9 Oct 15:59:39 - [32m[nodemon] restarting due to changes...[39m
9 Oct 15:59:39 - [32m[nodemon] starting `node /srv/home/smdux1/MELTS---KnowlegdeMap/server.js`[39m
App listening on 130.194.20.158:8000
Connected to Mongoose DB
9 Oct 15:59:49 - [32m[nodemon] restarting due to changes...[39m
9 Oct 15:59:49 - [32m[nodemon] starting `node /srv/home/smdux1/MELTS---KnowlegdeMap/server.js`[39m
9 Oct 15:59:49 - [32m[nodemon] restarting due to changes...[39m
9 Oct 15:59:49 - [32m[nodemon] restarting due to changes...[39m
9 Oct 15:59:49 - [32m[nodemon] starting `node /srv/home/smdux1/MELTS---KnowlegdeMap/server.js`[39m
App listening on 130.194.20.158:8000
Connected to Mongoose DB
[90mGET /map [36m304 [90m16ms[0m
Searched for:
[90mPOST /api/map/search [32m200 [90m93ms - 26.72kb[0m
Searched for:`FLIP FLOPS
[90mPOST /api/map/search [32m200 [90m17ms - 1.47kb[0m
Searched for:
[90mPOST /api/map/search [32m200 [90m92ms - 26.72kb[0m
9 Oct 16:00:06 - [32m[nodemon] restarting due to changes...[39m
9 Oct 16:00:06 - [32m[nodemon] starting `node /srv/home/smdux1/MELTS---KnowlegdeMap/server.js`[39m
9 Oct 16:00:06 - [32m[nodemon] restarting due to changes...[39m
9 Oct 16:00:07 - [32m[nodemon] restarting due to changes...[39m
9 Oct 16:00:07 - [32m[nodemon] starting `node /srv/home/smdux1/MELTS---KnowlegdeMap/server.js`[39m
App listening on 130.194.20.158:8000
Connected to Mongoose DB
[90mGET /map [32m200 [90m23ms - 2.66kb[0m
Searched for:
[90mPOST /api/map/search [32m200 [90m95ms - 26.72kb[0m
Searched for:ENG1030
[90mPOST /api/map/search [32m200 [90m22ms - 4.79kb[0m
9 Oct 16:02:23 - [32m[nodemon] restarting due to changes...[39m
9 Oct 16:02:23 - [32m[nodemon] starting `node /srv/home/smdux1/MELTS---KnowlegdeMap/server.js`[39m
9 Oct 16:02:23 - [32m[nodemon] restarting due to changes...[39m
9 Oct 16:02:23 - [32m[nodemon] starting `node /srv/home/smdux1/MELTS---KnowlegdeMap/server.js`[39m
App listening on 130.194.20.158:8000
Connected to Mongoose DB
[90mGET /map [32m200 [90m22ms - 2.65kb[0m
Searched for:
[90mPOST /api/map/search [32m200 [90m94ms - 26.72kb[0m
Searched for:ENG1030
[90mPOST /api/map/search [32m200 [90m20ms - 4.79kb[0m
[90mGET /mod [36m302 [90m8ms - 82b[0m
[90mGET /login [32m200 [90m6ms - 1.63kb[0m
[90mPOST /login [36m302 [90m184ms - 86b[0m
[90mGET /profile [32m200 [90m10ms - 1kb[0m
[90mGET /mod [32m200 [90m4ms - 3.58kb[0m
[90mGET /api/map [32m200 [90m60ms - 26.72kb[0m
[90mGET /mod [32m200 [90m6ms - 4.37kb[0m
[90mGET /api/map [36m304 [90m55ms[0m
[90mGET /mod [32m200 [90m6ms - 4.82kb[0m
[90mGET /api/map [36m304 [90m31ms[0m
[90mGET /mod [36m304 [90m4ms[0m
[90mGET /api/map [36m304 [90m40ms[0m
[90mGET /mod [36m304 [90m3ms[0m
[90mGET /api/map [36m304 [90m50ms[0m
[90mGET /mod [32m200 [90m5ms - 4.73kb[0m
[90mGET /api/map [36m304 [90m37ms[0m
[90mGET /mod [32m200 [90m6ms - 4.11kb[0m
[90mGET /api/map [36m304 [90m55ms[0m
[90mGET /mod [32m200 [90m5ms - 4.13kb[0m
[90mGET /api/map [36m304 [90m57ms[0m
[90mGET /mod [32m200 [90m5ms - 4.13kb[0m
[90mGET /api/map [36m304 [90m141ms[0m
[90mGET /mod [32m200 [90m57ms - 4.13kb[0m
[90mGET /api/map [36m304 [90m36ms[0m
[90mGET /mod [32m200 [90m4ms - 4.15kb[0m
[90mGET /api/map [36m304 [90m36ms[0m
9 Oct 18:10:27 - [32m[nodemon] restarting due to changes...[39m
9 Oct 18:10:27 - [32m[nodemon] starting `node /srv/home/smdux1/MELTS---KnowlegdeMap/server.js`[39m
9 Oct 18:10:27 - [32m[nodemon] restarting due to changes...[39m
9 Oct 18:10:28 - [32m[nodemon] restarting due to changes...[39m
9 Oct 18:10:28 - [32m[nodemon] starting `node /srv/home/smdux1/MELTS---KnowlegdeMap/server.js`[39m
App listening on 130.194.20.158:8000
Connected to Mongoose DB
9 Oct 18:12:46 - [32m[nodemon] restarting due to changes...[39m
9 Oct 18:12:46 - [32m[nodemon] starting `node /srv/home/smdux1/MELTS---KnowlegdeMap/server.js`[39m
9 Oct 18:12:46 - [32m[nodemon] restarting due to changes...[39m
9 Oct 18:12:46 - [32m[nodemon] restarting due to changes...[39m
9 Oct 18:12:46 - [32m[nodemon] starting `node /srv/home/smdux1/MELTS---KnowlegdeMap/server.js`[39m
App listening on 130.194.20.158:8000
Connected to Mongoose DB
9 Oct 18:13:01 - [32m[nodemon] restarting due to changes...[39m
9 Oct 18:13:01 - [32m[nodemon] starting `node /srv/home/smdux1/MELTS---KnowlegdeMap/server.js`[39m
9 Oct 18:13:01 - [32m[nodemon] restarting due to changes...[39m
9 Oct 18:13:01 - [32m[nodemon] restarting due to changes...[39m
9 Oct 18:13:01 - [32m[nodemon] starting `node /srv/home/smdux1/MELTS---KnowlegdeMap/server.js`[39m
App listening on 130.194.20.158:8000
Connected to Mongoose DB
[90mGET /mod [36m302 [90m20ms - 82b[0m
[90mGET /login [32m200 [90m12ms - 1.63kb[0m
[90mPOST /login [36m302 [90m176ms - 86b[0m
[90mGET /profile [36m304 [90m9ms[0m
[90mGET /mod [32m200 [90m8ms - 3.83kb[0m
[90mGET /api/map [36m304 [90m77ms[0m
[90mGET /mod [32m200 [90m6ms - 3.83kb[0m
[90mGET /api/map [32m200 [90m58ms - 26.72kb[0m
9 Oct 18:16:10 - [32m[nodemon] restarting due to changes...[39m
9 Oct 18:16:10 - [32m[nodemon] starting `node /srv/home/smdux1/MELTS---KnowlegdeMap/server.js`[39m
9 Oct 18:16:10 - [32m[nodemon] restarting due to changes...[39m
9 Oct 18:16:10 - [32m[nodemon] restarting due to changes...[39m
9 Oct 18:16:10 - [32m[nodemon] starting `node /srv/home/smdux1/MELTS---KnowlegdeMap/server.js`[39m
App listening on 130.194.20.158:8000
Connected to Mongoose DB
9 Oct 18:16:28 - [32m[nodemon] restarting due to changes...[39m
9 Oct 18:16:28 - [32m[nodemon] starting `node /srv/home/smdux1/MELTS---KnowlegdeMap/server.js`[39m
9 Oct 18:16:28 - [32m[nodemon] restarting due to changes...[39m
9 Oct 18:16:29 - [32m[nodemon] starting `node /srv/home/smdux1/MELTS---KnowlegdeMap/server.js`[39m
App listening on 130.194.20.158:8000
Connected to Mongoose DB
[90mGET /mod [36m302 [90m20ms - 82b[0m
[90mGET /login [32m200 [90m11ms - 1.63kb[0m
[90mPOST /login [36m302 [90m173ms - 86b[0m
[90mGET /profile [32m200 [90m8ms - 1kb[0m
[90mGET /mod [32m200 [90m7ms - 3.83kb[0m
[90mGET /api/map [32m200 [90m103ms - 26.72kb[0m
9 Oct 18:21:22 - [32m[nodemon] restarting due to changes...[39m
9 Oct 18:21:22 - [32m[nodemon] starting `node /srv/home/smdux1/MELTS---KnowlegdeMap/server.js`[39m
9 Oct 18:21:23 - [32m[nodemon] restarting due to changes...[39m
9 Oct 18:21:23 - [32m[nodemon] restarting due to changes...[39m
9 Oct 18:21:23 - [32m[nodemon] starting `node /srv/home/smdux1/MELTS---KnowlegdeMap/server.js`[39m
App listening on 130.194.20.158:8000
Connected to Mongoose DB
[90mGET /mod [36m302 [90m17ms - 82b[0m
[90mGET /login [32m200 [90m9ms - 1.63kb[0m
[90mPOST /login [36m302 [90m183ms - 86b[0m
[90mGET /profile [32m200 [90m9ms - 1kb[0m
[90mGET /mod [32m200 [90m8ms - 3.83kb[0m
[90mGET /api/map [32m200 [90m59ms - 26.72kb[0m
9 Oct 18:21:51 - [32m[nodemon] restarting due to changes...[39m
9 Oct 18:21:51 - [32m[nodemon] starting `node /srv/home/smdux1/MELTS---KnowlegdeMap/server.js`[39m
9 Oct 18:21:51 - [32m[nodemon] restarting due to changes...[39m
9 Oct 18:21:52 - [32m[nodemon] starting `node /srv/home/smdux1/MELTS---KnowlegdeMap/server.js`[39m
App listening on 130.194.20.158:8000
Connected to Mongoose DB
[90mGET /mod [36m302 [90m14ms - 82b[0m
[90mGET /login [32m200 [90m11ms - 1.63kb[0m
[90mPOST /login [36m302 [90m171ms - 86b[0m
[90mGET /profile [32m200 [90m8ms - 1kb[0m
[90mGET /mod [32m200 [90m7ms - 3.83kb[0m
[90mGET /api/map [32m200 [90m105ms - 26.72kb[0m
9 Oct 18:22:22 - [32m[nodemon] restarting due to changes...[39m
9 Oct 18:22:22 - [32m[nodemon] starting `node /srv/home/smdux1/MELTS---KnowlegdeMap/server.js`[39m
9 Oct 18:22:22 - [32m[nodemon] restarting due to changes...[39m
9 Oct 18:22:22 - [32m[nodemon] restarting due to changes...[39m
9 Oct 18:22:23 - [32m[nodemon] starting `node /srv/home/smdux1/MELTS---KnowlegdeMap/server.js`[39m
App listening on 130.194.20.158:8000
Connected to Mongoose DB
[90mGET /mod [36m302 [90m20ms - 82b[0m
[90mGET /login [32m200 [90m12ms - 1.63kb[0m
[90mPOST /login [36m302 [90m181ms - 86b[0m
[90mGET /profile [32m200 [90m10ms - 1kb[0m
[90mGET /mod [32m200 [90m15ms - 3.83kb[0m
[90mGET /api/map [32m200 [90m57ms - 26.72kb[0m
9 Oct 18:40:06 - [32m[nodemon] restarting due to changes...[39m
9 Oct 18:40:06 - [32m[nodemon] starting `node /srv/home/smdux1/MELTS---KnowlegdeMap/server.js`[39m
9 Oct 18:40:06 - [32m[nodemon] restarting due to changes...[39m
9 Oct 18:40:06 - [32m[nodemon] starting `node /srv/home/smdux1/MELTS---KnowlegdeMap/server.js`[39m
App listening on 130.194.20.158:8000
Connected to Mongoose DB
9 Oct 18:42:22 - [32m[nodemon] restarting due to changes...[39m
9 Oct 18:42:22 - [32m[nodemon] starting `node /srv/home/smdux1/MELTS---KnowlegdeMap/server.js`[39m
9 Oct 18:42:22 - [32m[nodemon] restarting due to changes...[39m
9 Oct 18:42:22 - [32m[nodemon] restarting due to changes...[39m
9 Oct 18:42:22 - [32m[nodemon] starting `node /srv/home/smdux1/MELTS---KnowlegdeMap/server.js`[39m
App listening on 130.194.20.158:8000
Connected to Mongoose DB
9 Oct 18:42:41 - [32m[nodemon] restarting due to changes...[39m
9 Oct 18:42:41 - [32m[nodemon] starting `node /srv/home/smdux1/MELTS---KnowlegdeMap/server.js`[39m
9 Oct 18:42:42 - [32m[nodemon] restarting due to changes...[39m
9 Oct 18:42:42 - [32m[nodemon] restarting due to changes...[39m
9 Oct 18:42:42 - [32m[nodemon] starting `node /srv/home/smdux1/MELTS---KnowlegdeMap/server.js`[39m
App listening on 130.194.20.158:8000
Connected to Mongoose DB
