26 May 20:38:43 - [33m[nodemon] v1.0.20[39m
26 May 20:38:43 - [33m[nodemon] to restart at any time, enter `rs`[39m
26 May 20:38:43 - [33m[nodemon] watching: *.*[39m
26 May 20:38:43 - [32m[nodemon] starting `node /srv/home/smdux1/MELTS---KnowlegdeMap/server.js`[39m
App listening on 130.194.20.158:8000
Connected to Mongoose DB
[90mPOST /api/map [32m200 [90m66ms - 1.14kb[0m
[90mGET / [36m304 [90m8ms[0m
[90mGET / [32m200 [90m8ms - 867b[0m
[90mGET /map [36m302 [90m6ms - 82b[0m
[90mGET /login [32m200 [90m4ms - 1.63kb[0m
[90mPOST /login [36m302 [90m97ms - 86b[0m
[90mGET /profile [36m304 [90m4ms[0m
[90mGET /map [32m200 [90m3ms - 3.87kb[0m
[90mGET /api/map [32m200 [90m7ms - 1.14kb[0m
[90mDELETE /api/map/538319c3489d654607489ec2 [32m200 [90m13ms - 964b[0m
[90mPOST /api/map [32m200 [90m10ms - 1.1kb[0m
26 May 20:44:18 - [33m[nodemon] v1.0.20[39m
26 May 20:44:18 - [33m[nodemon] to restart at any time, enter `rs`[39m
26 May 20:44:18 - [33m[nodemon] watching: *.*[39m
26 May 20:44:18 - [32m[nodemon] starting `node /srv/home/smdux1/MELTS---KnowlegdeMap/server.js`[39m
App listening on 130.194.20.158:8000
Connected to Mongoose DB
[90mGET / [32m200 [90m20ms - 867b[0m
[90mGET /login [32m200 [90m8ms - 1.63kb[0m
[90mGET /map [36m302 [90m9ms - 82b[0m
[90mGET /login [36m304 [90m4ms[0m
[90mGET /signup [32m200 [90m3ms - 1.64kb[0m
[90mPOST /signup [36m302 [90m194ms - 86b[0m
[90mGET /profile [32m200 [90m9ms - 1.45kb[0m
[90mGET /map [32m200 [90m5ms - 3.87kb[0m
[90mGET /api/map [32m200 [90m13ms - 1.1kb[0m
[90mDELETE /api/map/53831620a26acd640640bec1 [32m200 [90m14ms - 964b[0m
[90mDELETE /api/map/53814b6243c44e5656b9573e [32m200 [90m7ms - 711b[0m
[90mDELETE /api/map/53831627a26acd640640bec2 [32m200 [90m9ms - 524b[0m
[90mDELETE /api/map/538318aaf2563202079e1929 [32m200 [90m5ms - 357b[0m
[90mDELETE /api/map/538319d2489d654607489ec3 [32m200 [90m42ms - 190b[0m
[90mDELETE /api/map/538319d2489d654607489ec3 [32m200 [90m15ms - 190b[0m
[90mDELETE /api/map/53814b2143c44e5656b9573c [32m200 [90m4ms - 2b[0m
[90mGET /map [36m302 [90m4ms - 82b[0m
[90mGET /login [36m304 [90m3ms[0m
[90mPOST /login [36m302 [90m158ms - 86b[0m
[90mGET /profile [36m304 [90m4ms[0m
[90mGET /map [32m200 [90m6ms - 3.87kb[0m
[90mGET /api/map [32m200 [90m5ms - 2b[0m
[90mPOST /api/map [32m200 [90m8ms - 210b[0m
[90mGET /map [32m200 [90m4ms - 3.9kb[0m
[90mGET /api/map [32m200 [90m4ms - 210b[0m
[90mGET / [32m200 [90m5ms - 867b[0m
[90mGET /login [36m302 [90m4ms - 86b[0m
[90mGET /profile [32m200 [90m3ms - 1.45kb[0m
[90mGET /map [32m200 [90m8ms - 3.9kb[0m
[90mGET /api/map [32m200 [90m7ms - 210b[0m
[90mGET /map [32m200 [90m7ms - 3.87kb[0m
[90mGET /api/map [36m304 [90m5ms[0m
[90mGET / [32m200 [90m4ms - 867b[0m
[90mGET /map [32m200 [90m5ms - 3.87kb[0m
[90mGET /api/map [32m200 [90m3ms - 210b[0m
[90mGET /map [32m200 [90m8ms - 3.88kb[0m
[90mGET /api/map [36m304 [90m6ms[0m
[90mGET /map [36m304 [90m9ms[0m
[90mGET /api/map [36m304 [90m5ms[0m
[90mGET /map [32m200 [90m5ms - 3.87kb[0m
[90mGET /api/map [36m304 [90m5ms[0m
[90mGET / [36m304 [90m2ms[0m
[90mGET / [36m304 [90m2ms[0m
[90mGET / [32m200 [90m54ms - 867b[0m
[90mGET / [36m304 [90m3ms[0m
[90mGET / [32m200 [90m3ms - 867b[0m
[90mGET /map [36m302 [90m2ms - 82b[0m
[90mGET /login [32m200 [90m3ms - 1.63kb[0m
[90mGET / [32m200 [90m7ms - 867b[0m
[90mGET /login [36m304 [90m2ms[0m
[90mGET / [36m304 [90m2ms[0m
[90mGET /signup [32m200 [90m5ms - 1.64kb[0m
[90mPOST /signup [36m302 [90m172ms - 86b[0m
[90mGET /profile [32m200 [90m8ms - 1.45kb[0m
[90mGET /map [32m200 [90m5ms - 3.88kb[0m
[90mGET /api/map [32m200 [90m26ms - 210b[0m
[90mDELETE /api/map/53831c30ee086276073d4703 [32m200 [90m10ms - 2b[0m
[90mGET /signup [32m200 [90m4ms - 1.64kb[0m
[90mGET / [36m304 [90m5ms[0m
[90mGET /map [36m304 [90m4ms[0m
[90mGET /api/map [32m200 [90m4ms - 2b[0m
[90mGET / [32m200 [90m2ms - 867b[0m
[90mGET /login [32m200 [90m3ms - 1.63kb[0m
[90mPOST /login [36m302 [90m13ms - 82b[0m
[90mGET /login [32m200 [90m2ms - 1.63kb[0m
[90mGET /signup [32m200 [90m4ms - 1.64kb[0m
[90mPOST /signup [36m302 [90m174ms - 86b[0m
[90mGET /profile [32m200 [90m4ms - 1.45kb[0m
[90mGET /map [32m200 [90m4ms - 3.88kb[0m
[90mGET /api/map [32m200 [90m6ms - 2b[0m
[90mPOST /api/map [32m200 [90m22ms - 224b[0m
[90mDELETE /api/map/538540eeee086276073d4706 [32m200 [90m5ms - 2b[0m
[90mGET /map [36m304 [90m3ms[0m
[90mGET /api/map [32m200 [90m3ms - 2b[0m
[90mGET /map [36m304 [90m3ms[0m
[90mGET /api/map [36m304 [90m5ms[0m
[90mGET / [36m304 [90m4ms[0m
[90mGET /map [36m304 [90m4ms[0m
[90mGET /api/map [36m304 [90m5ms[0m
[90mGET / [36m304 [90m5ms[0m
[90mGET /map [36m304 [90m4ms[0m
[90mGET /api/map [36m304 [90m3ms[0m
[90mGET / [36m304 [90m4ms[0m
[90mGET /login [36m302 [90m6ms - 86b[0m
[90mGET /profile [36m304 [90m3ms[0m
[90mGET /map [36m304 [90m4ms[0m
[90mGET /api/map [36m304 [90m5ms[0m
[90mPOST /api/map [32m200 [90m13ms - 225b[0m
[90mPOST /api/map [32m200 [90m9ms - 415b[0m
[90mGET / [36m304 [90m4ms[0m
[90mGET / [32m200 [90m2ms - 867b[0m
[90mGET /login [32m200 [90m3ms - 1.63kb[0m
[90mPOST /login [36m302 [90m151ms - 86b[0m
[90mGET /profile [32m200 [90m5ms - 1.45kb[0m
[90mGET /map [32m200 [90m5ms - 3.88kb[0m
[90mGET /api/map [32m200 [90m6ms - 415b[0m
[90mGET /map [36m302 [90m1ms - 82b[0m
[90mGET /login [32m200 [90m2ms - 1.63kb[0m
[90mGET /signup [32m200 [90m3ms - 1.64kb[0m
[90mGET / [32m200 [90m5ms - 867b[0m
[90mGET / [36m304 [90m2ms[0m
[90mGET / [36m304 [90m1ms[0m
[90mGET / [36m304 [90m2ms[0m
[90mGET /login [32m200 [90m18ms - 1.63kb[0m
[90mPOST /login [36m302 [90m149ms - 86b[0m
[90mGET /profile [32m200 [90m23ms - 1.45kb[0m
[90mGET /map [32m200 [90m23ms - 3.88kb[0m
[90mGET /api/map [32m200 [90m10ms - 415b[0m
[90mGET / [36m304 [90m9ms[0m
[90mGET /map [36m304 [90m4ms[0m
[90mGET /api/map [36m304 [90m5ms[0m
2 Jun 21:40:29 - [32m[nodemon] restarting due to changes...[39m
2 Jun 21:40:29 - [32m[nodemon] restarting due to changes...[39m
2 Jun 21:40:30 - [32m[nodemon] starting `node /srv/home/smdux1/MELTS---KnowlegdeMap/server.js`[39m
2 Jun 21:40:30 - [32m[nodemon] restarting due to changes...[39m
2 Jun 21:40:30 - [32m[nodemon] starting `node /srv/home/smdux1/MELTS---KnowlegdeMap/server.js`[39m
App listening on 130.194.20.158:8000
Connected to Mongoose DB
2 Jun 21:40:41 - [32m[nodemon] restarting due to changes...[39m
2 Jun 21:40:41 - [32m[nodemon] starting `node /srv/home/smdux1/MELTS---KnowlegdeMap/server.js`[39m
2 Jun 21:40:41 - [32m[nodemon] restarting due to changes...[39m
2 Jun 21:40:41 - [32m[nodemon] restarting due to changes...[39m
2 Jun 21:40:41 - [32m[nodemon] starting `node /srv/home/smdux1/MELTS---KnowlegdeMap/server.js`[39m
App listening on 130.194.20.158:8000
Connected to Mongoose DB
[90mDELETE /api/map/53854df4ee086276073d4708 [32m200 [90m59ms - 225b[0m
[90mPOST /api/map [32m200 [90m30ms - 414b[0m
[90mPOST /api/map [32m200 [90m10ms - 628b[0m
[90mGET / [32m200 [90m10ms - 867b[0m
[90mGET / [32m200 [90m4ms - 867b[0m
[90mGET / [36m304 [90m4ms[0m
[90mGET / [36m304 [90m2ms[0m
[90mGET /map [36m302 [90m5ms - 82b[0m
[90mGET /login [32m200 [90m2ms - 1.63kb[0m
[90mGET / [36m304 [90m3ms[0m
[90mGET /map [36m302 [90m2ms - 82b[0m
[90mGET /login [32m200 [90m4ms - 1.63kb[0m
[90mPOST /login [36m302 [90m169ms - 86b[0m
[90mGET /profile [36m304 [90m7ms[0m
[90mGET /map [32m200 [90m5ms - 3.88kb[0m
[90mGET /api/map [32m200 [90m8ms - 628b[0m
[90mGET /login [36m302 [90m3ms - 86b[0m
[90mGET /logout [36m302 [90m27ms - 72b[0m
[90mGET / [36m304 [90m2ms[0m
[90mGET / [36m304 [90m2ms[0m
[90mGET / [36m304 [90m1ms[0m
[90mGET / [36m304 [90m1ms[0m
[90mGET / [32m200 [90m3ms - 867b[0m
[90mGET /login [32m200 [90m2ms - 1.63kb[0m
[90mPOST /login [36m302 [90m103ms - 86b[0m
[90mGET /profile [32m200 [90m4ms - 1.45kb[0m
[90mGET /map [32m200 [90m6ms - 3.88kb[0m
[90mGET /api/map [32m200 [90m10ms - 628b[0m
[90mPOST /api/map [32m200 [90m8ms - 795b[0m
[90mDELETE /api/map/538ec34069fb4e0064833b33 [32m200 [90m6ms - 628b[0m
[90mGET / [36m304 [90m7ms[0m
[90mGET /login [32m200 [90m2ms - 1.63kb[0m
[90mPOST /login [36m302 [90m89ms - 86b[0m
[90mGET /profile [32m200 [90m4ms - 1.45kb[0m
[90mGET /map [32m200 [90m5ms - 3.88kb[0m
[90mGET /api/map [32m200 [90m6ms - 628b[0m
[90mPOST /api/map [32m200 [90m7ms - 795b[0m
[90mGET /map [36m302 [90m2ms - 82b[0m
[90mGET /login [36m304 [90m2ms[0m
[90mPOST /login [36m302 [90m168ms - 86b[0m
[90mGET /profile [32m200 [90m6ms - 1.45kb[0m
[90mGET /map [32m200 [90m5ms - 3.88kb[0m
[90mGET /api/map [32m200 [90m10ms - 795b[0m
[90mDELETE /api/map/538ec36c69fb4e0064833b34 [32m200 [90m53ms - 628b[0m
[90mPOST /api/map [32m200 [90m9ms - 795b[0m
[90mPOST /api/map [31m500 [90m15ms - 1.08kb[0m
[90mPOST /api/map [31m500 [90m7ms - 1.08kb[0m
[90mPOST /api/map [31m500 [90m9ms - 1.08kb[0m
[90mPOST /api/map [31m500 [90m5ms - 1.08kb[0m
[90mPOST /api/map [31m500 [90m7ms - 1.08kb[0m
[90mPOST /api/map [31m500 [90m6ms - 1.08kb[0m
[90mPOST /api/map [31m500 [90m7ms - 1.08kb[0m
[90mGET /map [36m304 [90m3ms[0m
[90mGET /api/map [32m200 [90m4ms - 795b[0m
[90mPOST /api/map [32m200 [90m16ms - 962b[0m
[90mGET /map [36m304 [90m4ms[0m
[90mGET /api/map [32m200 [90m9ms - 962b[0m
[90mDELETE /api/map/538ec37869fb4e0064833b35 [32m200 [90m6ms - 795b[0m
[90mDELETE /api/map/538ec38169fb4e0064833b36 [32m200 [90m11ms - 628b[0m
[90mGET / [32m200 [90m4ms - 867b[0m
[90mGET / [36m304 [90m7ms[0m
[90mGET /map [36m304 [90m3ms[0m
[90mGET /api/map [32m200 [90m6ms - 628b[0m
[90mGET /map [36m302 [90m1ms - 82b[0m
[90mGET /login [32m200 [90m2ms - 1.63kb[0m
[90mPOST /login [36m302 [90m142ms - 86b[0m
[90mGET /profile [32m200 [90m4ms - 1.45kb[0m
[90mGET /map [32m200 [90m12ms - 3.88kb[0m
[90mGET /api/map [32m200 [90m4ms - 628b[0m
[90mPOST /api/map [32m200 [90m8ms - 795b[0m
[90mPOST /api/map [32m200 [90m5ms - 962b[0m
[90mGET /map [36m304 [90m2ms[0m
[90mGET /api/map [32m200 [90m12ms - 962b[0m
[90mGET /map [36m304 [90m3ms[0m
[90mGET / [32m200 [90m2ms - 867b[0m
[90mGET / [32m200 [90m3ms - 867b[0m
[90mGET /map [36m304 [90m3ms[0m
[90mGET /api/map [32m200 [90m8ms - 962b[0m
[90mDELETE /api/map/538eeba769fb4e0064833b38 [32m200 [90m5ms - 795b[0m
[90mDELETE /api/map/538eeba669fb4e0064833b37 [32m200 [90m5ms - 628b[0m
[90mDELETE /api/map/538eeba669fb4e0064833b37 [32m200 [90m7ms - 628b[0m
[90mGET / [32m200 [90m5ms - 867b[0m
[90mGET /map [36m302 [90m2ms - 82b[0m
[90mGET /login [32m200 [90m2ms - 1.63kb[0m
[90mGET / [32m200 [90m3ms - 867b[0m
[90mGET / [32m200 [90m6ms - 867b[0m
[90mGET / [36m304 [90m2ms[0m
[90mGET / [32m200 [90m3ms - 867b[0m
[90mGET /map [36m302 [90m1ms - 82b[0m
[90mGET /login [32m200 [90m3ms - 1.63kb[0m
[90mPOST /login [36m302 [90m147ms - 86b[0m
[90mGET /profile [32m200 [90m4ms - 1.45kb[0m
[90mGET /map [32m200 [90m5ms - 3.88kb[0m
[90mGET /api/map [32m200 [90m7ms - 628b[0m
[90mPOST /api/map [32m200 [90m9ms - 823b[0m
6 Jun 14:58:38 - [31m[nodemon] app crashed - waiting for file changes before starting...[39m
28 Jul 16:04:32 - [33m[nodemon] v1.0.20[39m
28 Jul 16:04:32 - [33m[nodemon] to restart at any time, enter `rs`[39m
28 Jul 16:04:32 - [33m[nodemon] watching: *.*[39m
28 Jul 16:04:32 - [32m[nodemon] starting `node /srv/home/smdux1/MELTS---KnowlegdeMap/server.js`[39m
28 Jul 16:04:33 - [31m[nodemon] app crashed - waiting for file changes before starting...[39m
31 Jul 15:42:14 - [33m[nodemon] v1.0.20[39m
31 Jul 15:42:14 - [33m[nodemon] to restart at any time, enter `rs`[39m
31 Jul 15:42:14 - [33m[nodemon] watching: *.*[39m
31 Jul 15:42:14 - [32m[nodemon] starting `node /srv/home/smdux1/MELTS---KnowlegdeMap/server.js`[39m
App listening on 130.194.20.158:8000
Connected to Mongoose DB
[90mGET /map [36m302 [90m19ms - 82b[0m
[90mGET /login [32m200 [90m12ms - 1.63kb[0m
[90mPOST /login [36m302 [90m206ms - 86b[0m
[90mGET /profile [36m304 [90m9ms[0m
[90mGET /map [32m200 [90m4ms - 3.88kb[0m
[90mGET /api/map [36m304 [90m10ms[0m
[90mPOST /api/map [32m200 [90m43ms - 996b[0m
[90mDELETE /api/map/53d9d784968b37e87288d2a8 [32m200 [90m33ms - 823b[0m
[90mGET /map [36m304 [90m5ms[0m
[90mGET /api/map [32m200 [90m7ms - 823b[0m
[90mGET / [32m200 [90m4ms - 867b[0m
[90mGET /login [32m200 [90m2ms - 1.63kb[0m
[90mPOST /login [36m302 [90m174ms - 86b[0m
[90mGET /profile [32m200 [90m6ms - 1.45kb[0m
[90mGET /map [32m200 [90m7ms - 3.88kb[0m
[90mGET /api/map [32m200 [90m7ms - 823b[0m
[90mGET /map [32m200 [90m4ms - 3.88kb[0m
[90mGET /api/map [36m304 [90m8ms[0m
[90mPOST /api/map [32m200 [90m10ms - 996b[0m
[90mGET /map [32m200 [90m6ms - 4.03kb[0m
[90mGET /api/map [32m200 [90m9ms - 996b[0m
[90mGET /map [32m200 [90m6ms - 4.11kb[0m
[90mGET /api/map [36m304 [90m9ms[0m
[90mGET /map [36m304 [90m3ms[0m
[90mGET /api/map [36m304 [90m11ms[0m
[90mDELETE /api/map/53db275f968b37e87288d2a9 [32m200 [90m13ms - 823b[0m
[90mGET /map [32m200 [90m12ms - 4.11kb[0m
[90mGET /api/map [32m200 [90m5ms - 823b[0m
[90mGET /map [32m200 [90m4ms - 4.1kb[0m
[90mGET /api/map [36m304 [90m5ms[0m
[90mGET /map [32m200 [90m3ms - 4.11kb[0m
[90mGET /api/map [36m304 [90m4ms[0m
[90mGET /map [32m200 [90m5ms - 4.11kb[0m
[90mGET /api/map [36m304 [90m6ms[0m
[90mGET /map [32m200 [90m7ms - 4.1kb[0m
[90mGET /api/map [36m304 [90m6ms[0m
[90mGET /map [32m200 [90m5ms - 0b[0m
[90mGET /map [32m200 [90m2ms - 4.13kb[0m
[90mGET /api/map [36m304 [90m3ms[0m
[90mGET /map [32m200 [90m4ms - 4.14kb[0m
[90mGET /api/map [36m304 [90m5ms[0m
[90mGET /map [32m200 [90m4ms - 4.14kb[0m
[90mGET /api/map [36m304 [90m6ms[0m
[90mGET /map [32m200 [90m2ms - 4.19kb[0m
[90mGET /api/map [36m304 [90m4ms[0m
1 Aug 16:47:34 - [32m[nodemon] restarting due to changes...[39m
1 Aug 16:47:34 - [32m[nodemon] restarting due to changes...[39m
1 Aug 16:47:34 - [32m[nodemon] restarting due to changes...[39m
1 Aug 16:47:34 - [32m[nodemon] starting `node /srv/home/smdux1/MELTS---KnowlegdeMap/server.js`[39m
App listening on 130.194.20.158:8000
Connected to Mongoose DB
[90mGET http://www.w3.org/ [32m200 [90m23ms - 867b[0m
[90mGET / [32m200 [90m7ms - 867b[0m
[90mGET /login [32m200 [90m6ms - 1.63kb[0m
[90mPOST /login [36m302 [90m208ms - 86b[0m
[90mGET /profile [32m200 [90m9ms - 1.45kb[0m
[90mGET /map [32m200 [90m8ms - 3.89kb[0m
[90mGET /api/map [36m304 [90m37ms[0m
[90mPOST /api/map [32m200 [90m27ms - 1.07kb[0m
[90mDELETE /api/map/53854dceee086276073d4707 [32m200 [90m18ms - 870b[0m
[90mDELETE /api/map/538c644969fb4e0064833b31 [32m200 [90m34ms - 681b[0m
[90mDELETE /api/map/538c647369fb4e0064833b32 [32m200 [90m7ms - 467b[0m
[90mDELETE /api/map/538ff69369fb4e0064833b39 [32m200 [90m6ms - 272b[0m
[90mDELETE /api/map/53ddc6de8794d2090fa932b2 [32m200 [90m6ms - 2b[0m
3 Aug 15:47:25 - [32m[nodemon] restarting due to changes...[39m
3 Aug 15:47:25 - [32m[nodemon] restarting due to changes...[39m
3 Aug 15:47:25 - [32m[nodemon] starting `node /srv/home/smdux1/MELTS---KnowlegdeMap/server.js`[39m
3 Aug 15:47:25 - [32m[nodemon] restarting due to changes...[39m
3 Aug 15:47:25 - [32m[nodemon] starting `node /srv/home/smdux1/MELTS---KnowlegdeMap/server.js`[39m
App listening on 130.194.20.158:8000
Connected to Mongoose DB
3 Aug 15:58:33 - [32m[nodemon] restarting due to changes...[39m
3 Aug 15:58:33 - [32m[nodemon] starting `node /srv/home/smdux1/MELTS---KnowlegdeMap/server.js`[39m
3 Aug 15:58:33 - [32m[nodemon] restarting due to changes...[39m
3 Aug 15:58:33 - [32m[nodemon] restarting due to changes...[39m
3 Aug 15:58:33 - [32m[nodemon] starting `node /srv/home/smdux1/MELTS---KnowlegdeMap/server.js`[39m
3 Aug 15:58:34 - [31m[nodemon] app crashed - waiting for file changes before starting...[39m
3 Aug 16:00:20 - [32m[nodemon] restarting due to changes...[39m
3 Aug 16:00:20 - [32m[nodemon] starting `node /srv/home/smdux1/MELTS---KnowlegdeMap/server.js`[39m
3 Aug 16:00:20 - [32m[nodemon] restarting due to changes...[39m
3 Aug 16:00:20 - [32m[nodemon] restarting due to changes...[39m
3 Aug 16:00:20 - [32m[nodemon] starting `node /srv/home/smdux1/MELTS---KnowlegdeMap/server.js`[39m
3 Aug 16:00:21 - [31m[nodemon] app crashed - waiting for file changes before starting...[39m
3 Aug 16:01:16 - [32m[nodemon] restarting due to changes...[39m
3 Aug 16:01:16 - [32m[nodemon] starting `node /srv/home/smdux1/MELTS---KnowlegdeMap/server.js`[39m
3 Aug 16:01:16 - [32m[nodemon] restarting due to changes...[39m
3 Aug 16:01:16 - [32m[nodemon] restarting due to changes...[39m
3 Aug 16:01:16 - [32m[nodemon] starting `node /srv/home/smdux1/MELTS---KnowlegdeMap/server.js`[39m
3 Aug 16:01:17 - [31m[nodemon] app crashed - waiting for file changes before starting...[39m
3 Aug 16:02:00 - [32m[nodemon] restarting due to changes...[39m
3 Aug 16:02:00 - [32m[nodemon] starting `node /srv/home/smdux1/MELTS---KnowlegdeMap/server.js`[39m
3 Aug 16:02:00 - [32m[nodemon] restarting due to changes...[39m
3 Aug 16:02:00 - [32m[nodemon] restarting due to changes...[39m
3 Aug 16:02:00 - [32m[nodemon] starting `node /srv/home/smdux1/MELTS---KnowlegdeMap/server.js`[39m
App listening on 130.194.20.158:8000
Connected to Mongoose DB
[90mGET /map [36m302 [90m19ms - 82b[0m
[90mGET /login [32m200 [90m11ms - 1.63kb[0m
[90mPOST /login [36m302 [90m173ms - 86b[0m
[90mGET /profile [36m304 [90m9ms[0m
[90mGET /map [32m200 [90m6ms - 3.58kb[0m
[90mGET /api/map [32m200 [90m7ms - 2b[0m
[90mPOST /api/map [31m500 [90m12ms - 1.08kb[0m
[90mPOST /api/map [31m500 [90m6ms - 1.08kb[0m
[90mPOST /api/map [31m500 [90m6ms - 1.08kb[0m
[90mPOST /api/map [31m500 [90m6ms - 1.08kb[0m
[90mPOST /api/map [31m500 [90m5ms - 1.08kb[0m
[90mPOST /api/map [31m500 [90m5ms - 1.08kb[0m
[90mPOST /api/map [31m500 [90m6ms - 1.08kb[0m
[90mPOST /api/map [31m500 [90m6ms - 1.08kb[0m
3 Aug 16:08:18 - [33m[nodemon] v1.0.20[39m
3 Aug 16:08:18 - [33m[nodemon] to restart at any time, enter `rs`[39m
3 Aug 16:08:18 - [33m[nodemon] watching: *.*[39m
3 Aug 16:08:18 - [32m[nodemon] starting `node /srv/home/smdux1/MELTS---KnowlegdeMap/server.js`[39m
App listening on 130.194.20.158:8000
Connected to Mongoose DB
[90mGET /map [36m302 [90m21ms - 82b[0m
[90mGET /login [32m200 [90m11ms - 1.63kb[0m
[90mPOST /login [36m302 [90m176ms - 86b[0m
[90mGET /profile [36m304 [90m8ms[0m
[90mGET /map [32m200 [90m5ms - 3.58kb[0m
[90mGET /api/map [36m304 [90m6ms[0m
[90mGET http://www.sciencedirect.com/science/journal/00404020/51 [33m404 [90m1ms[0m
[90mGET http://www.sina.com.cn/ [32m200 [90m3ms - 867b[0m
[90mGET / [32m200 [90m5ms - 867b[0m
[90mGET / [32m200 [90m9ms - 867b[0m
[90mGET / [32m200 [90m9ms - 867b[0m
[90mGET / [32m200 [90m6ms - 867b[0m
[90mGET / [32m200 [90m2ms - 867b[0m
[90mGET / [32m200 [90m8ms - 867b[0m
[90mGET / [32m200 [90m10ms - 867b[0m
[90mGET / [32m200 [90m3ms - 867b[0m
[90mGET / [32m200 [90m2ms - 867b[0m
[90mGET /login.html [33m404 [90m2ms[0m
[90mGET / [32m200 [90m1ms - 867b[0m
[90mGET / [32m200 [90m2ms - 867b[0m
[90mGET / [32m200 [90m2ms - 867b[0m
[90mGET / [32m200 [90m2ms - 867b[0m
[90mGET /properties/description.dhtml [33m404 [90m1ms[0m
[90mGET /MSWSMTP/Common/Authentication/Logon.aspx [33m404 [90m1ms[0m
[90mGET /header.php?tab=status [33m404 [90m0ms[0m
[90mGET /properties/configuration.php?tab=Status [33m404 [90m1ms[0m
[90mGET / [32m200 [90m3ms - 867b[0m
[90mGET / [32m200 [90m2ms - 867b[0m
[90mGET / [32m200 [90m8ms - 867b[0m
[90mGET /commoncgi/servlet/CCGIServlet?ApHost=PDT_InterScan_NT&CGIAlias=PDT_InterScan_NT&File=logout.htm [33m404 [90m0ms[0m
[90mGET / [32m200 [90m1ms - 867b[0m
[90mGET /intruvert/jsp/admin/Login.jsp [33m404 [90m1ms[0m
[90mGET // [32m200 [90m2ms - 867b[0m
[90mGET /Home.do [33m404 [90m0ms[0m
[90mGET / [32m200 [90m4ms - 867b[0m
[90mGET / [32m200 [90m2ms - 867b[0m
[90mGET /xmldata?item=All [33m404 [90m1ms[0m
[90mGET / [32m200 [90m5ms - 867b[0m
[90mGET / [32m200 [90m3ms - 867b[0m
[90mGET / [32m200 [90m2ms - 867b[0m
[90mGET / [32m200 [90m2ms - 867b[0m
[90mGET / [32m200 [90m2ms - 867b[0m
[90mGET / [32m200 [90m2ms - 867b[0m
[90mGET /robots.txt [33m404 [90m1ms[0m
[90mGET /sitemap.xml [33m404 [90m1ms[0m
[90mGET /.cobalt [33m404 [90m1ms[0m
[90mGET /admin.back [33m404 [90m1ms[0m
[90mGET /file [33m404 [90m1ms[0m
[90mGET /wavemaster.internal [33m404 [90m1ms[0m
[90mGET / [32m200 [90m1ms - 867b[0m
[90mGET / [32m200 [90m1ms - 867b[0m
[90mGET /ZAKCCwRXYc5w.html [33m404 [90m1ms[0m
[90mGET /ZAKCCwRXYc5w.cgi [33m404 [90m1ms[0m
[90mGET /ZAKCCwRXYc5w.sh [33m404 [90m1ms[0m
[90mGET /ZAKCCwRXYc5w.pl [33m404 [90m1ms[0m
[90mGET /ZAKCCwRXYc5w.inc [33m404 [90m0ms[0m
[90mGET /ZAKCCwRXYc5w.shtml [33m404 [90m0ms[0m
[90mGET /ZAKCCwRXYc5w.asp [33m404 [90m1ms[0m
[90mGET /ZAKCCwRXYc5w.php [33m404 [90m1ms[0m
[90mGET /ZAKCCwRXYc5w.php3 [33m404 [90m1ms[0m
[90mGET /ZAKCCwRXYc5w.cfm [33m404 [90m1ms[0m
[90mGET /cgi-bin/ZAKCCwRXYc5w.html [33m404 [90m0ms[0m
[90mGET /cgi-bin/ZAKCCwRXYc5w.cgi [33m404 [90m0ms[0m
[90mGET /cgi-bin/ZAKCCwRXYc5w.sh [33m404 [90m1ms[0m
[90mGET /cgi-bin/ZAKCCwRXYc5w.pl [33m404 [90m1ms[0m
[90mGET /cgi-bin/ZAKCCwRXYc5w.inc [33m404 [90m2ms[0m
[90mGET /cgi-bin/ZAKCCwRXYc5w.shtml [33m404 [90m0ms[0m
[90mGET /cgi-bin/ZAKCCwRXYc5w.asp [33m404 [90m1ms[0m
[90mGET /cgi-bin/ZAKCCwRXYc5w.php [33m404 [90m1ms[0m
[90mGET /cgi-bin/ZAKCCwRXYc5w.php3 [33m404 [90m1ms[0m
[90mGET /cgi-bin/ZAKCCwRXYc5w.cfm [33m404 [90m0ms[0m
[90mGET /scripts/ZAKCCwRXYc5w.html [33m404 [90m2ms[0m
[90mGET /scripts/ZAKCCwRXYc5w.cgi [33m404 [90m1ms[0m
[90mGET /scripts/ZAKCCwRXYc5w.sh [33m404 [90m1ms[0m
[90mGET /scripts/ZAKCCwRXYc5w.pl [33m404 [90m0ms[0m
[90mGET /scripts/ZAKCCwRXYc5w.inc [33m404 [90m0ms[0m
[90mGET /scripts/ZAKCCwRXYc5w.shtml [33m404 [90m1ms[0m
[90mGET /scripts/ZAKCCwRXYc5w.asp [33m404 [90m1ms[0m
[90mGET /scripts/ZAKCCwRXYc5w.php [33m404 [90m1ms[0m
[90mGET /scripts/ZAKCCwRXYc5w.php3 [33m404 [90m0ms[0m
[90mGET /scripts/ZAKCCwRXYc5w.cfm [33m404 [90m1ms[0m
[90mGET / [32m200 [90m1ms - 867b[0m
[90mGET http://www.sciencedirect.com/ [32m200 [90m3ms - 867b[0m
[90mGET http://www.metapress.com/home/main.mpx [33m404 [90m1ms[0m
[90mGET / [32m200 [90m30ms - 867b[0m
[90mGET /map [36m302 [90m1ms - 82b[0m
[90mGET /login [32m200 [90m32ms - 1.63kb[0m
[90mPOST /login [36m302 [90m164ms - 86b[0m
[90mGET /profile [32m200 [90m4ms - 1.45kb[0m
[90mGET /map [32m200 [90m3ms - 3.58kb[0m
[90mGET /api/map [32m200 [90m5ms - 2b[0m
[90mGET /map [36m304 [90m3ms[0m
[90mGET /api/map [36m304 [90m3ms[0m
[90mGET /map [32m200 [90m4ms - 3.59kb[0m
[90mGET /api/map [36m304 [90m4ms[0m
7 Aug 14:38:51 - [32m[nodemon] restarting due to changes...[39m
7 Aug 14:38:51 - [32m[nodemon] starting `node /srv/home/smdux1/MELTS---KnowlegdeMap/server.js`[39m
App listening on 130.194.20.158:8000
Connected to Mongoose DB
7 Aug 14:40:26 - [32m[nodemon] restarting due to changes...[39m
7 Aug 14:40:26 - [32m[nodemon] starting `node /srv/home/smdux1/MELTS---KnowlegdeMap/server.js`[39m
App listening on 130.194.20.158:8000
Connected to Mongoose DB
[90mGET /map [36m302 [90m26ms - 82b[0m
[90mGET /login [32m200 [90m13ms - 1.63kb[0m
[90mPOST /login [36m302 [90m181ms - 86b[0m
[90mGET /profile [36m304 [90m9ms[0m
[90mGET /map [32m200 [90m5ms - 3.42kb[0m
[90mGET /api/map [36m304 [90m8ms[0m
[90mGET /map [32m200 [90m5ms - 3.39kb[0m
[90mGET /api/map [36m304 [90m4ms[0m
[90mPOST /api/map [31m500 [90m12ms - 1.08kb[0m
[90mPOST /api/map [31m500 [90m9ms - 1.08kb[0m
[90mPOST /api/map [31m500 [90m5ms - 1.08kb[0m
[90mPOST /api/map [31m500 [90m7ms - 1.08kb[0m
[90mPOST /api/map [31m500 [90m7ms - 1.08kb[0m
[90mPOST /api/map [31m500 [90m7ms - 1.08kb[0m
-----------------------------------------
Update available: 1.2.1 (current: 1.0.20)
Run npm update -g nodemon to update
-----------------------------------------
19 Aug 22:43:28 - [33m[nodemon] v1.0.20[39m
19 Aug 22:43:28 - [33m[nodemon] to restart at any time, enter `rs`[39m
19 Aug 22:43:28 - [33m[nodemon] watching: *.*[39m
19 Aug 22:43:28 - [32m[nodemon] starting `node /srv/home/smdux1/MELTS---KnowlegdeMap/server.js`[39m
App listening on 130.194.20.158:8000
Connected to Mongoose DB
[90mGET /map [32m200 [90m21ms - 4.12kb[0m
[90mGET /api/map [32m200 [90m50ms - 8.51kb[0m
[90mGET /api/map [32m200 [90m19ms - 8.51kb[0m
[90mGET / [32m200 [90m3ms - 867b[0m
[90mGET /map [36m304 [90m8ms[0m
[90mGET /api/map [36m304 [90m44ms[0m
[90mGET /api/map [36m304 [90m19ms[0m
[90mGET /map [32m200 [90m4ms - 4.12kb[0m
[90mGET /api/map [32m200 [90m17ms - 8.51kb[0m
[90mGET /api/map [36m304 [90m18ms[0m
[90mGET /map [36m304 [90m2ms[0m
[90mGET /api/map [36m304 [90m18ms[0m
[90mGET /api/map [36m304 [90m14ms[0m
[90mDELETE /api/map/53f33dcab369b8d559256551 [32m200 [90m27ms - 8.17kb[0m
[90mGET /map [32m200 [90m4ms - 4.12kb[0m
[90mGET /api/map [32m200 [90m16ms - 8.17kb[0m
[90mGET /api/map [36m304 [90m22ms[0m
19 Aug 22:50:40 - [32m[nodemon] restarting due to changes...[39m
19 Aug 22:50:40 - [32m[nodemon] starting `node /srv/home/smdux1/MELTS---KnowlegdeMap/server.js`[39m
19 Aug 22:50:40 - [32m[nodemon] restarting due to changes...[39m
19 Aug 22:50:40 - [32m[nodemon] restarting due to changes...[39m
19 Aug 22:50:41 - [32m[nodemon] starting `node /srv/home/smdux1/MELTS---KnowlegdeMap/server.js`[39m
App listening on 130.194.20.158:8000
Connected to Mongoose DB
[90mGET /map [36m304 [90m16ms[0m
[90mGET /api/map [32m200 [90m48ms - 8.17kb[0m
[90mGET /api/map [36m304 [90m20ms[0m
19 Aug 22:51:34 - [32m[nodemon] restarting due to changes...[39m
19 Aug 22:51:34 - [32m[nodemon] starting `node /srv/home/smdux1/MELTS---KnowlegdeMap/server.js`[39m
19 Aug 22:51:34 - [32m[nodemon] restarting due to changes...[39m
19 Aug 22:51:34 - [32m[nodemon] restarting due to changes...[39m
19 Aug 22:51:34 - [32m[nodemon] starting `node /srv/home/smdux1/MELTS---KnowlegdeMap/server.js`[39m
App listening on 130.194.20.158:8000
Connected to Mongoose DB
[90mGET /map [32m200 [90m24ms - 4.12kb[0m
[90mGET /api/map [32m200 [90m69ms - 8.17kb[0m
[90mGET /api/map [32m200 [90m22ms - 8.17kb[0m
19 Aug 22:56:04 - [32m[nodemon] restarting due to changes...[39m
19 Aug 22:56:04 - [32m[nodemon] starting `node /srv/home/smdux1/MELTS---KnowlegdeMap/server.js`[39m
19 Aug 22:56:04 - [32m[nodemon] restarting due to changes...[39m
19 Aug 22:56:05 - [32m[nodemon] starting `node /srv/home/smdux1/MELTS---KnowlegdeMap/server.js`[39m
App listening on 130.194.20.158:8000
Connected to Mongoose DB
[90mGET /map [32m200 [90m21ms - 4.12kb[0m
[90mGET /api/map [32m200 [90m70ms - 8.17kb[0m
[90mGET /api/map [32m200 [90m21ms - 8.17kb[0m
19 Aug 22:57:42 - [32m[nodemon] restarting due to changes...[39m
19 Aug 22:57:42 - [32m[nodemon] starting `node /srv/home/smdux1/MELTS---KnowlegdeMap/server.js`[39m
19 Aug 22:57:42 - [32m[nodemon] restarting due to changes...[39m
19 Aug 22:57:42 - [32m[nodemon] restarting due to changes...[39m
19 Aug 22:57:42 - [32m[nodemon] starting `node /srv/home/smdux1/MELTS---KnowlegdeMap/server.js`[39m
App listening on 130.194.20.158:8000
Connected to Mongoose DB
[90mGET /map [32m200 [90m11ms - 4.12kb[0m
[90mGET /api/map [32m200 [90m67ms - 8.17kb[0m
[90mGET /api/map [32m200 [90m22ms - 8.17kb[0m
[90mGET / [36m304 [90m4ms[0m
[90mGET /map [36m304 [90m5ms[0m
[90mGET /api/map [36m304 [90m23ms[0m
[90mGET /api/map [36m304 [90m26ms[0m
[90mGET / [32m200 [90m8ms - 867b[0m
[90mGET /map [32m200 [90m2ms - 4.12kb[0m
[90mGET /api/map [32m200 [90m23ms - 8.17kb[0m
[90mGET /api/map [36m304 [90m23ms[0m
[90mGET /map [36m304 [90m3ms[0m
[90mGET /api/map [36m304 [90m21ms[0m
[90mGET /api/map [36m304 [90m23ms[0m
[90mGET / [32m200 [90m5ms - 867b[0m
[90mGET / [36m304 [90m2ms[0m
[90mGET /map [32m200 [90m3ms - 4.12kb[0m
[90mGET /api/map [32m200 [90m14ms - 8.17kb[0m
[90mGET /api/map [36m304 [90m16ms[0m
[90mGET / [32m200 [90m11ms - 867b[0m
[90mGET / [32m200 [90m3ms - 867b[0m
[90mGET /map [32m200 [90m1ms - 4.12kb[0m
[90mGET /api/map [32m200 [90m19ms - 8.17kb[0m
[90mGET /api/map [36m304 [90m15ms[0m
[90mGET / [32m200 [90m3ms - 867b[0m
[90mGET /map [32m200 [90m3ms - 4.12kb[0m
[90mGET /api/map [32m200 [90m35ms - 8.17kb[0m
[90mGET /api/map [36m304 [90m20ms[0m
[90mGET / [32m200 [90m58ms - 867b[0m
[90mGET / [36m304 [90m2ms[0m
[90mGET /map [32m200 [90m34ms - 4.12kb[0m
[90mGET /api/map [32m200 [90m136ms - 8.17kb[0m
[90mGET /api/map [36m304 [90m20ms[0m
[90mGET /map [36m304 [90m2ms[0m
[90mGET /api/map [36m304 [90m18ms[0m
[90mGET /api/map [36m304 [90m29ms[0m
[90mDELETE /api/map/53f33eb8b369b8d55925655d [32m200 [90m30ms - 7.88kb[0m
[90mDELETE /api/map/53f33eb0b369b8d55925655b [32m200 [90m15ms - 7.58kb[0m
[90mDELETE /api/map/53f343923ef06b1d5d46b402 [32m200 [90m15ms - 7.16kb[0m
[90mDELETE /api/map/53f33ebeb369b8d55925655f [32m200 [90m15ms - 6.87kb[0m
[90mGET / [32m200 [90m126ms - 867b[0m
[90mGET / [32m200 [90m70ms - 867b[0m
[90mGET /map [32m200 [90m12ms - 4.12kb[0m
[90mGET /api/map [32m200 [90m343ms - 6.87kb[0m
[90mGET /api/map [36m304 [90m12ms[0m
11 Sep 17:03:13 - [32m[nodemon] restarting due to changes...[39m
11 Sep 17:03:13 - [32m[nodemon] restarting due to changes...[39m
11 Sep 17:03:13 - [32m[nodemon] restarting due to changes...[39m
11 Sep 17:03:13 - [32m[nodemon] starting `node /srv/home/smdux1/MELTS---KnowlegdeMap/server.js`[39m
App listening on 130.194.20.158:8000
Connected to Mongoose DB
[90mGET /map [36m304 [90m18ms[0m
[90mGET /api/map [36m304 [90m47ms[0m
[90mGET /api/map [36m304 [90m23ms[0m
11 Sep 17:05:49 - [32m[nodemon] restarting due to changes...[39m
11 Sep 17:05:49 - [32m[nodemon] starting `node /srv/home/smdux1/MELTS---KnowlegdeMap/server.js`[39m
11 Sep 17:05:49 - [32m[nodemon] restarting due to changes...[39m
11 Sep 17:05:50 - [32m[nodemon] starting `node /srv/home/smdux1/MELTS---KnowlegdeMap/server.js`[39m
App listening on 130.194.20.158:8000
Connected to Mongoose DB
[90mGET /map [36m304 [90m18ms[0m
[90mGET /api/map [36m304 [90m46ms[0m
[90mGET /api/map [36m304 [90m23ms[0m
11 Sep 17:07:09 - [32m[nodemon] restarting due to changes...[39m
11 Sep 17:07:09 - [32m[nodemon] starting `node /srv/home/smdux1/MELTS---KnowlegdeMap/server.js`[39m
11 Sep 17:07:09 - [32m[nodemon] restarting due to changes...[39m
11 Sep 17:07:09 - [32m[nodemon] restarting due to changes...[39m
11 Sep 17:07:09 - [32m[nodemon] starting `node /srv/home/smdux1/MELTS---KnowlegdeMap/server.js`[39m
App listening on 130.194.20.158:8000
Connected to Mongoose DB
11 Sep 17:10:10 - [32m[nodemon] restarting due to changes...[39m
11 Sep 17:10:10 - [32m[nodemon] starting `node /srv/home/smdux1/MELTS---KnowlegdeMap/server.js`[39m
11 Sep 17:10:10 - [32m[nodemon] restarting due to changes...[39m
11 Sep 17:10:10 - [32m[nodemon] starting `node /srv/home/smdux1/MELTS---KnowlegdeMap/server.js`[39m
App listening on 130.194.20.158:8000
Connected to Mongoose DB
[90mGET /map [36m304 [90m17ms[0m
[90mGET /api/map [36m304 [90m46ms[0m
[90mGET /api/map [36m304 [90m22ms[0m
11 Sep 17:10:41 - [32m[nodemon] restarting due to changes...[39m
11 Sep 17:10:41 - [32m[nodemon] starting `node /srv/home/smdux1/MELTS---KnowlegdeMap/server.js`[39m
11 Sep 17:10:41 - [32m[nodemon] restarting due to changes...[39m
11 Sep 17:10:41 - [32m[nodemon] restarting due to changes...[39m
11 Sep 17:10:41 - [32m[nodemon] starting `node /srv/home/smdux1/MELTS---KnowlegdeMap/server.js`[39m
App listening on 130.194.20.158:8000
Connected to Mongoose DB
11 Sep 17:17:41 - [32m[nodemon] restarting due to changes...[39m
11 Sep 17:17:41 - [32m[nodemon] starting `node /srv/home/smdux1/MELTS---KnowlegdeMap/server.js`[39m
11 Sep 17:17:41 - [32m[nodemon] restarting due to changes...[39m
11 Sep 17:17:42 - [32m[nodemon] restarting due to changes...[39m
11 Sep 17:17:42 - [32m[nodemon] starting `node /srv/home/smdux1/MELTS---KnowlegdeMap/server.js`[39m
App listening on 130.194.20.158:8000
Connected to Mongoose DB
11 Sep 17:18:16 - [32m[nodemon] restarting due to changes...[39m
11 Sep 17:18:16 - [32m[nodemon] starting `node /srv/home/smdux1/MELTS---KnowlegdeMap/server.js`[39m
11 Sep 17:18:16 - [32m[nodemon] restarting due to changes...[39m
11 Sep 17:18:17 - [32m[nodemon] restarting due to changes...[39m
11 Sep 17:18:17 - [32m[nodemon] starting `node /srv/home/smdux1/MELTS---KnowlegdeMap/server.js`[39m
App listening on 130.194.20.158:8000
Connected to Mongoose DB
[90mGET /map [36m304 [90m18ms[0m
[90mGET /api/map [36m304 [90m43ms[0m
[90mGET /api/map [36m304 [90m22ms[0m
11 Sep 17:19:09 - [32m[nodemon] restarting due to changes...[39m
11 Sep 17:19:09 - [32m[nodemon] starting `node /srv/home/smdux1/MELTS---KnowlegdeMap/server.js`[39m
11 Sep 17:19:09 - [32m[nodemon] restarting due to changes...[39m
11 Sep 17:19:09 - [32m[nodemon] restarting due to changes...[39m
11 Sep 17:19:09 - [32m[nodemon] starting `node /srv/home/smdux1/MELTS---KnowlegdeMap/server.js`[39m
App listening on 130.194.20.158:8000
Connected to Mongoose DB
[90mGET /map [36m304 [90m17ms[0m
[90mGET /api/map [36m304 [90m47ms[0m
[90mGET /api/map [36m304 [90m22ms[0m
11 Sep 17:24:18 - [32m[nodemon] restarting due to changes...[39m
11 Sep 17:24:18 - [32m[nodemon] starting `node /srv/home/smdux1/MELTS---KnowlegdeMap/server.js`[39m
11 Sep 17:24:18 - [32m[nodemon] restarting due to changes...[39m
11 Sep 17:24:18 - [32m[nodemon] starting `node /srv/home/smdux1/MELTS---KnowlegdeMap/server.js`[39m
App listening on 130.194.20.158:8000
Connected to Mongoose DB
[90mGET /mod [33m404 [90m21ms - 45b[0m
11 Sep 17:27:01 - [32m[nodemon] restarting due to changes...[39m
11 Sep 17:27:01 - [32m[nodemon] starting `node /srv/home/smdux1/MELTS---KnowlegdeMap/server.js`[39m
11 Sep 17:27:01 - [32m[nodemon] restarting due to changes...[39m
11 Sep 17:27:01 - [32m[nodemon] restarting due to changes...[39m
11 Sep 17:27:02 - [32m[nodemon] starting `node /srv/home/smdux1/MELTS---KnowlegdeMap/server.js`[39m
App listening on 130.194.20.158:8000
Connected to Mongoose DB
[90mGET /mod [33m404 [90m18ms - 44b[0m
11 Sep 17:27:20 - [32m[nodemon] restarting due to changes...[39m
11 Sep 17:27:20 - [32m[nodemon] starting `node /srv/home/smdux1/MELTS---KnowlegdeMap/server.js`[39m
11 Sep 17:27:21 - [32m[nodemon] restarting due to changes...[39m
11 Sep 17:27:21 - [32m[nodemon] restarting due to changes...[39m
11 Sep 17:27:21 - [32m[nodemon] starting `node /srv/home/smdux1/MELTS---KnowlegdeMap/server.js`[39m
App listening on 130.194.20.158:8000
Connected to Mongoose DB
[90mGET /mod [32m200 [90m23ms - 4.12kb[0m
[90mGET /api/map [36m304 [90m47ms[0m
[90mGET /api/map [36m304 [90m24ms[0m
[90mGET /map [32m200 [90m4ms - 1.46kb[0m
[90mGET /api/map [36m304 [90m25ms[0m
[90mGET /map [32m200 [90m5ms - 1.52kb[0m
[90mGET /api/map [36m304 [90m21ms[0m
[90mGET /map [32m200 [90m2ms - 1.53kb[0m
[90mGET /api/map [36m304 [90m46ms[0m
[90mGET /map [32m200 [90m4ms - 1.53kb[0m
[90mGET /api/map [36m304 [90m17ms[0m
[90mGET /map [32m200 [90m3ms - 1.54kb[0m
[90mGET /api/map [36m304 [90m15ms[0m
[90mGET /map [36m304 [90m2ms[0m
[90mGET /api/map [36m304 [90m18ms[0m
[90mGET /map [36m304 [90m1ms[0m
[90mGET /map [36m304 [90m2ms[0m
[90mGET /map [36m304 [90m1ms[0m
[90mGET /map [32m200 [90m2ms - 1.54kb[0m
[90mGET /api/map [36m304 [90m11ms[0m
[90mGET /map [32m200 [90m3ms - 1.56kb[0m
[90mGET /api/map [36m304 [90m16ms[0m
[90mGET /map [32m200 [90m2ms - 1.54kb[0m
[90mGET /api/map [36m304 [90m17ms[0m
[90mGET /map [36m304 [90m2ms[0m
[90mGET /api/map [36m304 [90m19ms[0m
[90mGET /map [32m200 [90m3ms - 1.54kb[0m
[90mGET /api/map [36m304 [90m15ms[0m
[90mGET /map [32m200 [90m3ms - 1.53kb[0m
[90mGET /api/map [36m304 [90m14ms[0m
[90mGET /map [32m200 [90m2ms - 1.54kb[0m
[90mGET /api/map [36m304 [90m17ms[0m
[90mGET /map [32m200 [90m2ms - 1.54kb[0m
[90mGET /api/map [36m304 [90m13ms[0m
[90mGET /map [32m200 [90m3ms - 1.55kb[0m
[90mGET /api/map [36m304 [90m11ms[0m
[90mGET /map [32m200 [90m3ms - 1.54kb[0m
[90mGET /api/map [36m304 [90m19ms[0m
[90mGET /map [32m200 [90m4ms - 1.51kb[0m
[90mGET /api/map [36m304 [90m18ms[0m
[90mGET /map [32m200 [90m3ms - 1.51kb[0m
[90mGET /api/map [36m304 [90m11ms[0m
[90mGET /map [32m200 [90m3ms - 1.51kb[0m
[90mGET /api/map [36m304 [90m13ms[0m
[90mGET /map [32m200 [90m3ms - 1.51kb[0m
[90mGET /api/map [36m304 [90m10ms[0m
[90mGET /map [32m200 [90m3ms - 1.51kb[0m
[90mGET /api/map [36m304 [90m14ms[0m
[90mGET /map [32m200 [90m2ms - 1.49kb[0m
[90mGET /api/map [36m304 [90m19ms[0m
[90mGET /map [32m200 [90m2ms - 1.49kb[0m
[90mGET /api/map [36m304 [90m15ms[0m
[90mGET /map [32m200 [90m3ms - 1.49kb[0m
[90mGET /api/map [36m304 [90m18ms[0m
[90mGET /map [32m200 [90m3ms - 1.48kb[0m
[90mGET /api/map [36m304 [90m21ms[0m
[90mGET /map [32m200 [90m2ms - 1.51kb[0m
[90mGET /api/map [36m304 [90m19ms[0m
[90mGET /map [32m200 [90m4ms - 1.52kb[0m
[90mGET /api/map [36m304 [90m16ms[0m
[90mGET /map [32m200 [90m3ms - 1.52kb[0m
[90mGET /api/map [36m304 [90m43ms[0m
[90mGET /map [32m200 [90m4ms - 1.52kb[0m
[90mGET /api/map [36m304 [90m14ms[0m
11 Sep 18:28:06 - [32m[nodemon] restarting due to changes...[39m
11 Sep 18:28:06 - [32m[nodemon] restarting due to changes...[39m
11 Sep 18:28:06 - [32m[nodemon] starting `node /srv/home/smdux1/MELTS---KnowlegdeMap/server.js`[39m
11 Sep 18:28:07 - [32m[nodemon] restarting due to changes...[39m
11 Sep 18:28:07 - [32m[nodemon] starting `node /srv/home/smdux1/MELTS---KnowlegdeMap/server.js`[39m
App listening on 130.194.20.158:8000
Connected to Mongoose DB
[90mGET /map [36m304 [90m17ms[0m
[90mGET /api/map [36m304 [90m44ms[0m
11 Sep 18:53:44 - [32m[nodemon] restarting due to changes...[39m
11 Sep 18:53:44 - [32m[nodemon] starting `node /srv/home/smdux1/MELTS---KnowlegdeMap/server.js`[39m
11 Sep 18:53:44 - [32m[nodemon] restarting due to changes...[39m
11 Sep 18:53:44 - [32m[nodemon] starting `node /srv/home/smdux1/MELTS---KnowlegdeMap/server.js`[39m
App listening on 130.194.20.158:8000
Connected to Mongoose DB
[90mGET /map [36m304 [90m17ms[0m
[90mGET /api/map [36m304 [90m45ms[0m
[90mGET /map [32m200 [90m6ms - 1.51kb[0m
[90mGET /api/map [36m304 [90m25ms[0m
[90mGET /map [32m200 [90m2ms - 2.07kb[0m
[90mGET /api/map [36m304 [90m19ms[0m
12 Sep 12:38:55 - [31m[nodemon] app crashed - waiting for file changes before starting...[39m
13 Sep 14:40:59 - [33m[nodemon] v1.0.20[39m
13 Sep 14:40:59 - [33m[nodemon] to restart at any time, enter `rs`[39m
13 Sep 14:40:59 - [33m[nodemon] watching: *.*[39m
13 Sep 14:40:59 - [32m[nodemon] starting `node /srv/home/smdux1/MELTS---KnowlegdeMap/server.js`[39m
App listening on 130.194.20.158:8000
Connected to Mongoose DB
[90mGET / [32m200 [90m41ms - 867b[0m
[90mGET /map [32m200 [90m27ms - 2.07kb[0m
[90mGET /api/map [36m304 [90m150ms[0m
15 Sep 14:15:41 - [32m[nodemon] restarting due to changes...[39m
15 Sep 14:15:41 - [32m[nodemon] starting `node /srv/home/smdux1/MELTS---KnowlegdeMap/server.js`[39m
15 Sep 14:15:41 - [32m[nodemon] restarting due to changes...[39m
15 Sep 14:15:41 - [32m[nodemon] restarting due to changes...[39m
15 Sep 14:15:41 - [32m[nodemon] restarting due to changes...[39m
15 Sep 14:15:41 - [32m[nodemon] starting `node /srv/home/smdux1/MELTS---KnowlegdeMap/server.js`[39m
App listening on 130.194.20.158:8000
Connected to Mongoose DB
15 Sep 14:27:59 - [32m[nodemon] restarting due to changes...[39m
15 Sep 14:27:59 - [32m[nodemon] starting `node /srv/home/smdux1/MELTS---KnowlegdeMap/server.js`[39m
15 Sep 14:27:59 - [32m[nodemon] restarting due to changes...[39m
15 Sep 14:28:00 - [32m[nodemon] starting `node /srv/home/smdux1/MELTS---KnowlegdeMap/server.js`[39m
15 Sep 14:28:00 - [31m[nodemon] app crashed - waiting for file changes before starting...[39m
17 Sep 00:19:15 - [33m[nodemon] v1.0.20[39m
17 Sep 00:19:15 - [33m[nodemon] to restart at any time, enter `rs`[39m
17 Sep 00:19:15 - [33m[nodemon] watching: *.*[39m
17 Sep 00:19:15 - [32m[nodemon] starting `node /srv/home/smdux1/MELTS---KnowlegdeMap/server.js`[39m
App listening on 130.194.20.158:8000
Connected to Mongoose DB
[90mGET / [32m200 [90m23ms - 867b[0m
[90mGET /map [32m200 [90m8ms - 2.33kb[0m
[90mGET /api/map [32m200 [90m44ms - 6.84kb[0m
{ test: 'true' }
{ test: 'true' }
{ test: 'true' }
{ test: 'true' }
{ test: 'true' }
{ test: 'true' }
[90mPOST /api/map/search [32m200 [90m60030ms[0m
[90mPOST /api/map/search [32m200 [90m60027ms[0m
[90mPOST /api/map/search [32m200 [90m60026ms[0m
[90mPOST /api/map/search [32m200 [90m60053ms[0m
[90mPOST /api/map/search [32m200 [90m60000ms[0m
[90mPOST /api/map/search [32m200 [90m60048ms[0m
[90mGET / [32m200 [90m4ms - 867b[0m
[90mGET /map [32m200 [90m3ms - 2.33kb[0m
[90mGET /api/map [32m200 [90m31ms - 6.84kb[0m
{ test: 'true' }
{ test: 'true' }
{ test: 'true' }
[90mPOST /api/map/search [32m200 [90m60011ms[0m
[90mPOST /api/map/search [32m200 [90m60001ms[0m
[90mPOST /api/map/search [32m200 [90m60034ms[0m
[90mGET / [32m200 [90m4ms - 867b[0m
[90mGET / [32m200 [90m2ms - 867b[0m
[90mGET / [36m304 [90m3ms[0m
[90mGET / [32m200 [90m1ms - 867b[0m
[90mGET / [36m304 [90m2ms[0m
[90mGET / [32m200 [90m1ms - 867b[0m
[90mGET /map [32m200 [90m12ms - 2.33kb[0m
[90mGET /api/map [32m200 [90m34ms - 6.84kb[0m
[90mGET / [32m200 [90m2ms - 867b[0m
[90mGET / [32m200 [90m2ms - 867b[0m
[90mGET / [32m200 [90m4ms - 867b[0m
[90mGET / [32m200 [90m3ms - 867b[0m
[90mGET / [32m200 [90m5ms - 867b[0m
[90mGET / [32m200 [90m8ms - 867b[0m
[90mGET / [32m200 [90m3ms - 867b[0m
[90mGET / [36m304 [90m3ms[0m
[90mGET /map [32m200 [90m15ms - 2.33kb[0m
[90mGET /api/map [32m200 [90m30ms - 6.84kb[0m
-----------------------------------------
Update available: 1.2.1 (current: 1.0.20)
Run npm update -g nodemon to update
-----------------------------------------
7 Oct 11:19:58 - [33m[nodemon] v1.0.20[39m
7 Oct 11:19:58 - [33m[nodemon] to restart at any time, enter `rs`[39m
7 Oct 11:19:58 - [33m[nodemon] watching: *.*[39m
7 Oct 11:19:58 - [32m[nodemon] starting `node /srv/home/smdux1/MELTS---KnowlegdeMap/server.js`[39m
App listening on 130.194.20.158:8000
Connected to Mongoose DB
[90mGET / [36m304 [90m17ms[0m
[90mGET /signup [32m200 [90m10ms - 1.64kb[0m
[90mGET /login [32m200 [90m4ms - 1.63kb[0m
[90mPOST /login [36m302 [90m183ms - 86b[0m
[90mGET /profile [32m200 [90m7ms - 1kb[0m
[90mGET /mod [32m200 [90m6ms - 3.58kb[0m
[90mGET /api/map [32m200 [90m102ms - 27.08kb[0m
[90mGET /mod [36m302 [90m5ms - 82b[0m
[90mGET /login [32m200 [90m4ms - 1.63kb[0m
[90mGET / [32m200 [90m7ms - 830b[0m
[90mGET /login [32m200 [90m3ms - 1.63kb[0m
[90mPOST /login [36m302 [90m152ms - 86b[0m
[90mGET /profile [32m200 [90m5ms - 1kb[0m
[90mGET /map [32m200 [90m6ms - 2.34kb[0m
Searched for:
[90mPOST /api/map/search [32m200 [90m67ms - 27.08kb[0m
Searched for:
[90mPOST /api/map/search [32m200 [90m56ms - 27.08kb[0m
Searched for:AND GATES
[90mPOST /api/map/search [32m200 [90m13ms - 296b[0m
Searched for:
[90mPOST /api/map/search [32m200 [90m45ms - 27.08kb[0m
Searched for:ECE2061,ENG1030
[90mPOST /api/map/search [32m200 [90m18ms - 9.03kb[0m
Searched for:`REAL POWER
[90mPOST /api/map/search [32m200 [90m10ms - 1.93kb[0m
Searched for:
[90mPOST /api/map/search [32m200 [90m49ms - 27.08kb[0m
Searched for:
[90mPOST /api/map/search [32m200 [90m46ms - 27.08kb[0m
Searched for:
[90mPOST /api/map/search [32m200 [90m56ms - 27.08kb[0m
Searched for:
[90mPOST /api/map/search [32m200 [90m65ms - 27.08kb[0m
Searched for:ENG1030
[90mPOST /api/map/search [32m200 [90m20ms - 4.79kb[0m
Searched for:
[90mPOST /api/map/search [32m200 [90m79ms - 27.08kb[0m
Searched for:`TCP/IP ARCHITECTURE
[90mPOST /api/map/search [32m200 [90m20ms - 308b[0m
Searched for:
[90mPOST /api/map/search [32m200 [90m37ms - 27.08kb[0m
Searched for:`ROM
[90mPOST /api/map/search [32m200 [90m13ms - 705b[0m
Searched for:
[90mPOST /api/map/search [32m200 [90m46ms - 27.08kb[0m
Searched for:
[90mPOST /api/map/search [32m200 [90m39ms - 27.08kb[0m
Searched for:
[90mPOST /api/map/search [32m200 [90m38ms - 27.08kb[0m
[90mGET /mod [32m200 [90m6ms - 3.58kb[0m
[90mGET /api/map [32m200 [90m41ms - 27.08kb[0m
5430edf13472488529332e0a
[90mDELETE /api/mod/5430edf13472488529332e0a [32m200 [90m53ms - 26.72kb[0m
[90mGET / [32m200 [90m4ms - 830b[0m
[90mGET / [32m200 [90m2ms - 830b[0m
[90mGET /map [32m200 [90m1ms - 2.34kb[0m
Searched for:
[90mPOST /api/map/search [32m200 [90m24ms - 26.72kb[0m
Searched for:
[90mPOST /api/map/search [32m200 [90m20ms - 26.72kb[0m
Searched for:
[90mPOST /api/map/search [32m200 [90m39ms - 26.72kb[0m
[90mGET / [32m200 [90m2ms - 830b[0m
[90mGET /map [32m200 [90m1ms - 2.34kb[0m
Searched for:
[90mPOST /api/map/search [32m200 [90m38ms - 26.72kb[0m
Searched for:
[90mPOST /api/map/search [32m200 [90m81ms - 26.72kb[0m
[90mGET /mod [36m302 [90m4ms - 82b[0m
[90mGET / [32m200 [90m3ms - 830b[0m
[90mGET /login [32m200 [90m3ms - 1.63kb[0m
[90mGET / [32m200 [90m3ms - 830b[0m
[90mGET /map [32m200 [90m3ms - 2.34kb[0m
Searched for:
[90mPOST /api/map/search [32m200 [90m61ms - 26.72kb[0m
Searched for:
[90mPOST /api/map/search [32m200 [90m61ms - 26.72kb[0m
Searched for:ECE2031
[90mPOST /api/map/search [32m200 [90m9ms - 1.11kb[0m
Searched for:ENG1030
[90mPOST /api/map/search [32m200 [90m13ms - 4.79kb[0m
[90mGET / [36m304 [90m4ms[0m
[90mGET /map [32m200 [90m4ms - 2.34kb[0m
Searched for:
[90mPOST /api/map/search [32m200 [90m38ms - 26.72kb[0m
[90mGET /map [32m200 [90m3ms - 2.34kb[0m
Searched for:
[90mPOST /api/map/search [32m200 [90m39ms - 26.72kb[0m
[90mGET / [36m304 [90m3ms[0m
Searched for:
[90mPOST /api/map/search [32m200 [90m48ms - 26.72kb[0m
Searched for:`LINEAR REGRESSION
[90mPOST /api/map/search [32m200 [90m11ms - 753b[0m
Searched for:
[90mPOST /api/map/search [32m200 [90m38ms - 26.72kb[0m
[90mGET /map [36m304 [90m3ms[0m
Searched for:
[90mPOST /api/map/search [32m200 [90m76ms - 26.72kb[0m
[90mGET /mod [36m302 [90m1ms - 82b[0m
[90mGET / [32m200 [90m7ms - 830b[0m
[90mGET /login [32m200 [90m2ms - 1.63kb[0m
[90mGET /map [32m200 [90m4ms - 2.34kb[0m
Searched for:
[90mPOST /api/map/search [32m200 [90m43ms - 26.72kb[0m
[90mGET /map [36m304 [90m3ms[0m
Searched for:
[90mPOST /api/map/search [32m200 [90m37ms - 26.72kb[0m
[90mGET /map [32m200 [90m2ms - 2.44kb[0m
Searched for:
[90mPOST /api/map/search [32m200 [90m38ms - 26.72kb[0m
Searched for:
[90mPOST /api/map/search [32m200 [90m55ms - 26.72kb[0m
Searched for:
[90mPOST /api/map/search [32m200 [90m56ms - 26.72kb[0m
Searched for:`TCP/IP ARCHITECTURE
[90mPOST /api/map/search [32m200 [90m10ms - 308b[0m
Searched for:
[90mPOST /api/map/search [32m200 [90m48ms - 26.72kb[0m
9 Oct 15:33:02 - [32m[nodemon] restarting due to changes...[39m
9 Oct 15:33:03 - [32m[nodemon] restarting due to changes...[39m
9 Oct 15:33:03 - [32m[nodemon] starting `node /srv/home/smdux1/MELTS---KnowlegdeMap/server.js`[39m
9 Oct 15:33:03 - [32m[nodemon] restarting due to changes...[39m
9 Oct 15:33:03 - [32m[nodemon] starting `node /srv/home/smdux1/MELTS---KnowlegdeMap/server.js`[39m
App listening on 130.194.20.158:8000
Connected to Mongoose DB
9 Oct 15:35:02 - [32m[nodemon] restarting due to changes...[39m
9 Oct 15:35:02 - [32m[nodemon] starting `node /srv/home/smdux1/MELTS---KnowlegdeMap/server.js`[39m
9 Oct 15:35:02 - [32m[nodemon] restarting due to changes...[39m
9 Oct 15:35:02 - [32m[nodemon] restarting due to changes...[39m
9 Oct 15:35:02 - [32m[nodemon] starting `node /srv/home/smdux1/MELTS---KnowlegdeMap/server.js`[39m
App listening on 130.194.20.158:8000
Connected to Mongoose DB
[90mGET /map [32m200 [90m23ms - 2.54kb[0m
Searched for:
[90mPOST /api/map/search [32m200 [90m99ms - 26.72kb[0m
Searched for:
[90mPOST /api/map/search [32m200 [90m85ms - 26.72kb[0m
Searched for:`ELECTRICAL ENGINEERING
[90mPOST /api/map/search [32m200 [90m20ms - 1.82kb[0m
[90mGET /map [32m200 [90m7ms - 2.54kb[0m
Searched for:
[90mPOST /api/map/search [32m200 [90m47ms - 26.72kb[0m
Searched for:
[90mPOST /api/map/search [32m200 [90m52ms - 26.72kb[0m
Searched for:`FLIP FLOPS
[90mPOST /api/map/search [32m200 [90m10ms - 1.47kb[0m
[90mGET /map [32m200 [90m3ms - 2.59kb[0m
Searched for:
[90mPOST /api/map/search [32m200 [90m45ms - 26.72kb[0m
Searched for:`ELECTRICAL ENGINEERING
[90mPOST /api/map/search [32m200 [90m10ms - 1.82kb[0m
[90mGET /map [32m200 [90m4ms - 2.59kb[0m
Searched for:
[90mPOST /api/map/search [32m200 [90m39ms - 26.72kb[0m
Searched for:`ELECTRICAL ENGINEERING
[90mPOST /api/map/search [32m200 [90m8ms - 1.82kb[0m
[90mGET /map [32m200 [90m3ms - 2.59kb[0m
Searched for:
[90mPOST /api/map/search [32m200 [90m48ms - 26.72kb[0m
Searched for:`ELECTRICAL ENGINEERING
[90mPOST /api/map/search [32m200 [90m9ms - 1.82kb[0m
[90mGET /map [32m200 [90m3ms - 2.56kb[0m
Searched for:
[90mPOST /api/map/search [32m200 [90m39ms - 26.72kb[0m
Searched for:`OHMS LAW
[90mPOST /api/map/search [32m200 [90m13ms - 5.07kb[0m
Searched for:AC,KVL
[90mPOST /api/map/search [32m200 [90m5ms - 564b[0m
[90mGET /map [32m200 [90m3ms - 2.62kb[0m
Searched for:
[90mPOST /api/map/search [32m200 [90m61ms - 26.72kb[0m
Searched for:AC,KVL
[90mPOST /api/map/search [32m200 [90m7ms - 564b[0m
9 Oct 15:52:44 - [32m[nodemon] restarting due to changes...[39m
9 Oct 15:52:44 - [32m[nodemon] starting `node /srv/home/smdux1/MELTS---KnowlegdeMap/server.js`[39m
9 Oct 15:52:44 - [32m[nodemon] restarting due to changes...[39m
9 Oct 15:52:44 - [32m[nodemon] restarting due to changes...[39m
9 Oct 15:52:45 - [32m[nodemon] starting `node /srv/home/smdux1/MELTS---KnowlegdeMap/server.js`[39m
App listening on 130.194.20.158:8000
Connected to Mongoose DB
[90mGET /map [32m200 [90m24ms - 2.64kb[0m
Searched for:
[90mPOST /api/map/search [32m200 [90m95ms - 26.72kb[0m
Searched for:
[90mPOST /api/map/search [32m200 [90m84ms - 26.72kb[0m
Searched for:`VOLTAGE
[90mPOST /api/map/search [32m200 [90m19ms - 2.44kb[0m
9 Oct 15:55:29 - [32m[nodemon] restarting due to changes...[39m
9 Oct 15:55:29 - [32m[nodemon] starting `node /srv/home/smdux1/MELTS---KnowlegdeMap/server.js`[39m
9 Oct 15:55:30 - [32m[nodemon] restarting due to changes...[39m
9 Oct 15:55:30 - [32m[nodemon] restarting due to changes...[39m
9 Oct 15:55:30 - [32m[nodemon] starting `node /srv/home/smdux1/MELTS---KnowlegdeMap/server.js`[39m
App listening on 130.194.20.158:8000
Connected to Mongoose DB
[90mGET /map [32m200 [90m23ms - 2.66kb[0m
Searched for:
[90mPOST /api/map/search [32m200 [90m92ms - 26.72kb[0m
Searched for:
[90mPOST /api/map/search [32m200 [90m86ms - 26.72kb[0m
Searched for:
[90mPOST /api/map/search [32m200 [90m47ms - 26.72kb[0m
Searched for:
[90mPOST /api/map/search [32m200 [90m46ms - 26.72kb[0m
Searched for:
[90mPOST /api/map/search [32m200 [90m43ms - 26.72kb[0m
Searched for:AC
[90mPOST /api/map/search [32m200 [90m9ms - 282b[0m
Searched for:`AC
[90mPOST /api/map/search [32m200 [90m9ms - 812b[0m
Searched for:
[90mPOST /api/map/search [32m200 [90m40ms - 26.72kb[0m
Searched for:
[90mPOST /api/map/search [32m200 [90m47ms - 26.72kb[0m
Searched for:
[90mPOST /api/map/search [32m200 [90m38ms - 26.72kb[0m
Searched for:
[90mPOST /api/map/search [32m200 [90m36ms - 26.72kb[0m
Searched for:
[90mPOST /api/map/search [32m200 [90m56ms - 26.72kb[0m
Searched for:
[90mPOST /api/map/search [32m200 [90m49ms - 26.72kb[0m
Searched for:
[90mPOST /api/map/search [32m200 [90m63ms - 26.72kb[0m
Searched for:
[90mPOST /api/map/search [32m200 [90m37ms - 26.72kb[0m
Searched for:`OHMS LAW
[90mPOST /api/map/search [32m200 [90m14ms - 5.07kb[0m
Searched for:
[90mPOST /api/map/search [32m200 [90m33ms - 26.72kb[0m
Searched for:
[90mPOST /api/map/search [32m200 [90m34ms - 26.72kb[0m
Searched for:
[90mPOST /api/map/search [32m200 [90m34ms - 26.72kb[0m
Searched for:
[90mPOST /api/map/search [32m200 [90m34ms - 26.72kb[0m
Searched for:
[90mPOST /api/map/search [32m200 [90m44ms - 26.72kb[0m
Searched for:
[90mPOST /api/map/search [32m200 [90m35ms - 26.72kb[0m
Searched for:
[90mPOST /api/map/search [32m200 [90m35ms - 26.72kb[0m
9 Oct 15:57:18 - [32m[nodemon] restarting due to changes...[39m
9 Oct 15:57:18 - [32m[nodemon] starting `node /srv/home/smdux1/MELTS---KnowlegdeMap/server.js`[39m
9 Oct 15:57:18 - [32m[nodemon] restarting due to changes...[39m
9 Oct 15:57:18 - [32m[nodemon] restarting due to changes...[39m
9 Oct 15:57:18 - [32m[nodemon] starting `node /srv/home/smdux1/MELTS---KnowlegdeMap/server.js`[39m
App listening on 130.194.20.158:8000
Connected to Mongoose DB
[90mGET /map [36m304 [90m17ms[0m
Searched for:
[90mPOST /api/map/search [32m200 [90m95ms - 26.72kb[0m
9 Oct 15:58:26 - [32m[nodemon] restarting due to changes...[39m
9 Oct 15:58:26 - [32m[nodemon] starting `node /srv/home/smdux1/MELTS---KnowlegdeMap/server.js`[39m
9 Oct 15:58:26 - [32m[nodemon] restarting due to changes...[39m
9 Oct 15:58:26 - [32m[nodemon] restarting due to changes...[39m
9 Oct 15:58:26 - [32m[nodemon] starting `node /srv/home/smdux1/MELTS---KnowlegdeMap/server.js`[39m
App listening on 130.194.20.158:8000
Connected to Mongoose DB
[90mGET /map [36m304 [90m17ms[0m
Searched for:
[90mPOST /api/map/search [32m200 [90m105ms - 26.72kb[0m
Searched for:`REACTIVE POWER
[90mPOST /api/map/search [32m200 [90m18ms - 991b[0m
Searched for:`VOLTAGE
[90mPOST /api/map/search [32m200 [90m15ms - 2.44kb[0m
Searched for:
[90mPOST /api/map/search [32m200 [90m77ms - 26.72kb[0m
9 Oct 15:59:19 - [32m[nodemon] restarting due to changes...[39m
9 Oct 15:59:19 - [32m[nodemon] starting `node /srv/home/smdux1/MELTS---KnowlegdeMap/server.js`[39m
9 Oct 15:59:19 - [32m[nodemon] restarting due to changes...[39m
9 Oct 15:59:20 - [32m[nodemon] starting `node /srv/home/smdux1/MELTS---KnowlegdeMap/server.js`[39m
App listening on 130.194.20.158:8000
Connected to Mongoose DB
[90mGET /map [36m304 [90m16ms[0m
Searched for:
[90mPOST /api/map/search [32m200 [90m92ms - 26.72kb[0m
Searched for:`RESISTANCE
[90mPOST /api/map/search [32m200 [90m16ms - 1.13kb[0m
Searched for:
[90mPOST /api/map/search [32m200 [90m82ms - 26.72kb[0m
9 Oct 15:59:39 - [32m[nodemon] restarting due to changes...[39m
9 Oct 15:59:39 - [32m[nodemon] starting `node /srv/home/smdux1/MELTS---KnowlegdeMap/server.js`[39m
9 Oct 15:59:39 - [32m[nodemon] restarting due to changes...[39m
9 Oct 15:59:39 - [32m[nodemon] restarting due to changes...[39m
9 Oct 15:59:39 - [32m[nodemon] starting `node /srv/home/smdux1/MELTS---KnowlegdeMap/server.js`[39m
App listening on 130.194.20.158:8000
Connected to Mongoose DB
9 Oct 15:59:49 - [32m[nodemon] restarting due to changes...[39m
9 Oct 15:59:49 - [32m[nodemon] starting `node /srv/home/smdux1/MELTS---KnowlegdeMap/server.js`[39m
9 Oct 15:59:49 - [32m[nodemon] restarting due to changes...[39m
9 Oct 15:59:49 - [32m[nodemon] restarting due to changes...[39m
9 Oct 15:59:49 - [32m[nodemon] starting `node /srv/home/smdux1/MELTS---KnowlegdeMap/server.js`[39m
App listening on 130.194.20.158:8000
Connected to Mongoose DB
[90mGET /map [36m304 [90m16ms[0m
Searched for:
[90mPOST /api/map/search [32m200 [90m93ms - 26.72kb[0m
Searched for:`FLIP FLOPS
[90mPOST /api/map/search [32m200 [90m17ms - 1.47kb[0m
Searched for:
[90mPOST /api/map/search [32m200 [90m92ms - 26.72kb[0m
9 Oct 16:00:06 - [32m[nodemon] restarting due to changes...[39m
9 Oct 16:00:06 - [32m[nodemon] starting `node /srv/home/smdux1/MELTS---KnowlegdeMap/server.js`[39m
9 Oct 16:00:06 - [32m[nodemon] restarting due to changes...[39m
9 Oct 16:00:07 - [32m[nodemon] restarting due to changes...[39m
9 Oct 16:00:07 - [32m[nodemon] starting `node /srv/home/smdux1/MELTS---KnowlegdeMap/server.js`[39m
App listening on 130.194.20.158:8000
Connected to Mongoose DB
[90mGET /map [32m200 [90m23ms - 2.66kb[0m
Searched for:
[90mPOST /api/map/search [32m200 [90m95ms - 26.72kb[0m
Searched for:ENG1030
[90mPOST /api/map/search [32m200 [90m22ms - 4.79kb[0m
9 Oct 16:02:23 - [32m[nodemon] restarting due to changes...[39m
9 Oct 16:02:23 - [32m[nodemon] starting `node /srv/home/smdux1/MELTS---KnowlegdeMap/server.js`[39m
9 Oct 16:02:23 - [32m[nodemon] restarting due to changes...[39m
9 Oct 16:02:23 - [32m[nodemon] starting `node /srv/home/smdux1/MELTS---KnowlegdeMap/server.js`[39m
App listening on 130.194.20.158:8000
Connected to Mongoose DB
[90mGET /map [32m200 [90m22ms - 2.65kb[0m
Searched for:
[90mPOST /api/map/search [32m200 [90m94ms - 26.72kb[0m
Searched for:ENG1030
[90mPOST /api/map/search [32m200 [90m20ms - 4.79kb[0m
[90mGET /mod [36m302 [90m8ms - 82b[0m
[90mGET /login [32m200 [90m6ms - 1.63kb[0m
[90mPOST /login [36m302 [90m184ms - 86b[0m
[90mGET /profile [32m200 [90m10ms - 1kb[0m
[90mGET /mod [32m200 [90m4ms - 3.58kb[0m
[90mGET /api/map [32m200 [90m60ms - 26.72kb[0m
[90mGET /mod [32m200 [90m6ms - 4.37kb[0m
[90mGET /api/map [36m304 [90m55ms[0m
[90mGET /mod [32m200 [90m6ms - 4.82kb[0m
[90mGET /api/map [36m304 [90m31ms[0m
[90mGET /mod [36m304 [90m4ms[0m
[90mGET /api/map [36m304 [90m40ms[0m
[90mGET /mod [36m304 [90m3ms[0m
[90mGET /api/map [36m304 [90m50ms[0m
[90mGET /mod [32m200 [90m5ms - 4.73kb[0m
[90mGET /api/map [36m304 [90m37ms[0m
[90mGET /mod [32m200 [90m6ms - 4.11kb[0m
[90mGET /api/map [36m304 [90m55ms[0m
[90mGET /mod [32m200 [90m5ms - 4.13kb[0m
[90mGET /api/map [36m304 [90m57ms[0m
[90mGET /mod [32m200 [90m5ms - 4.13kb[0m
[90mGET /api/map [36m304 [90m141ms[0m
[90mGET /mod [32m200 [90m57ms - 4.13kb[0m
[90mGET /api/map [36m304 [90m36ms[0m
[90mGET /mod [32m200 [90m4ms - 4.15kb[0m
[90mGET /api/map [36m304 [90m36ms[0m
9 Oct 18:10:27 - [32m[nodemon] restarting due to changes...[39m
9 Oct 18:10:27 - [32m[nodemon] starting `node /srv/home/smdux1/MELTS---KnowlegdeMap/server.js`[39m
9 Oct 18:10:27 - [32m[nodemon] restarting due to changes...[39m
9 Oct 18:10:28 - [32m[nodemon] restarting due to changes...[39m
9 Oct 18:10:28 - [32m[nodemon] starting `node /srv/home/smdux1/MELTS---KnowlegdeMap/server.js`[39m
App listening on 130.194.20.158:8000
Connected to Mongoose DB
9 Oct 18:12:46 - [32m[nodemon] restarting due to changes...[39m
9 Oct 18:12:46 - [32m[nodemon] starting `node /srv/home/smdux1/MELTS---KnowlegdeMap/server.js`[39m
9 Oct 18:12:46 - [32m[nodemon] restarting due to changes...[39m
9 Oct 18:12:46 - [32m[nodemon] restarting due to changes...[39m
9 Oct 18:12:46 - [32m[nodemon] starting `node /srv/home/smdux1/MELTS---KnowlegdeMap/server.js`[39m
App listening on 130.194.20.158:8000
Connected to Mongoose DB
9 Oct 18:13:01 - [32m[nodemon] restarting due to changes...[39m
9 Oct 18:13:01 - [32m[nodemon] starting `node /srv/home/smdux1/MELTS---KnowlegdeMap/server.js`[39m
9 Oct 18:13:01 - [32m[nodemon] restarting due to changes...[39m
9 Oct 18:13:01 - [32m[nodemon] restarting due to changes...[39m
9 Oct 18:13:01 - [32m[nodemon] starting `node /srv/home/smdux1/MELTS---KnowlegdeMap/server.js`[39m
App listening on 130.194.20.158:8000
Connected to Mongoose DB
[90mGET /mod [36m302 [90m20ms - 82b[0m
[90mGET /login [32m200 [90m12ms - 1.63kb[0m
[90mPOST /login [36m302 [90m176ms - 86b[0m
[90mGET /profile [36m304 [90m9ms[0m
[90mGET /mod [32m200 [90m8ms - 3.83kb[0m
[90mGET /api/map [36m304 [90m77ms[0m
[90mGET /mod [32m200 [90m6ms - 3.83kb[0m
[90mGET /api/map [32m200 [90m58ms - 26.72kb[0m
9 Oct 18:16:10 - [32m[nodemon] restarting due to changes...[39m
9 Oct 18:16:10 - [32m[nodemon] starting `node /srv/home/smdux1/MELTS---KnowlegdeMap/server.js`[39m
9 Oct 18:16:10 - [32m[nodemon] restarting due to changes...[39m
9 Oct 18:16:10 - [32m[nodemon] restarting due to changes...[39m
9 Oct 18:16:10 - [32m[nodemon] starting `node /srv/home/smdux1/MELTS---KnowlegdeMap/server.js`[39m
App listening on 130.194.20.158:8000
Connected to Mongoose DB
9 Oct 18:16:28 - [32m[nodemon] restarting due to changes...[39m
9 Oct 18:16:28 - [32m[nodemon] starting `node /srv/home/smdux1/MELTS---KnowlegdeMap/server.js`[39m
9 Oct 18:16:28 - [32m[nodemon] restarting due to changes...[39m
9 Oct 18:16:29 - [32m[nodemon] starting `node /srv/home/smdux1/MELTS---KnowlegdeMap/server.js`[39m
App listening on 130.194.20.158:8000
Connected to Mongoose DB
[90mGET /mod [36m302 [90m20ms - 82b[0m
[90mGET /login [32m200 [90m11ms - 1.63kb[0m
[90mPOST /login [36m302 [90m173ms - 86b[0m
[90mGET /profile [32m200 [90m8ms - 1kb[0m
[90mGET /mod [32m200 [90m7ms - 3.83kb[0m
[90mGET /api/map [32m200 [90m103ms - 26.72kb[0m
9 Oct 18:21:22 - [32m[nodemon] restarting due to changes...[39m
9 Oct 18:21:22 - [32m[nodemon] starting `node /srv/home/smdux1/MELTS---KnowlegdeMap/server.js`[39m
9 Oct 18:21:23 - [32m[nodemon] restarting due to changes...[39m
9 Oct 18:21:23 - [32m[nodemon] restarting due to changes...[39m
9 Oct 18:21:23 - [32m[nodemon] starting `node /srv/home/smdux1/MELTS---KnowlegdeMap/server.js`[39m
App listening on 130.194.20.158:8000
Connected to Mongoose DB
[90mGET /mod [36m302 [90m17ms - 82b[0m
[90mGET /login [32m200 [90m9ms - 1.63kb[0m
[90mPOST /login [36m302 [90m183ms - 86b[0m
[90mGET /profile [32m200 [90m9ms - 1kb[0m
[90mGET /mod [32m200 [90m8ms - 3.83kb[0m
[90mGET /api/map [32m200 [90m59ms - 26.72kb[0m
9 Oct 18:21:51 - [32m[nodemon] restarting due to changes...[39m
9 Oct 18:21:51 - [32m[nodemon] starting `node /srv/home/smdux1/MELTS---KnowlegdeMap/server.js`[39m
9 Oct 18:21:51 - [32m[nodemon] restarting due to changes...[39m
9 Oct 18:21:52 - [32m[nodemon] starting `node /srv/home/smdux1/MELTS---KnowlegdeMap/server.js`[39m
App listening on 130.194.20.158:8000
Connected to Mongoose DB
[90mGET /mod [36m302 [90m14ms - 82b[0m
[90mGET /login [32m200 [90m11ms - 1.63kb[0m
[90mPOST /login [36m302 [90m171ms - 86b[0m
[90mGET /profile [32m200 [90m8ms - 1kb[0m
[90mGET /mod [32m200 [90m7ms - 3.83kb[0m
[90mGET /api/map [32m200 [90m105ms - 26.72kb[0m
9 Oct 18:22:22 - [32m[nodemon] restarting due to changes...[39m
9 Oct 18:22:22 - [32m[nodemon] starting `node /srv/home/smdux1/MELTS---KnowlegdeMap/server.js`[39m
9 Oct 18:22:22 - [32m[nodemon] restarting due to changes...[39m
9 Oct 18:22:22 - [32m[nodemon] restarting due to changes...[39m
9 Oct 18:22:23 - [32m[nodemon] starting `node /srv/home/smdux1/MELTS---KnowlegdeMap/server.js`[39m
App listening on 130.194.20.158:8000
Connected to Mongoose DB
[90mGET /mod [36m302 [90m20ms - 82b[0m
[90mGET /login [32m200 [90m12ms - 1.63kb[0m
[90mPOST /login [36m302 [90m181ms - 86b[0m
[90mGET /profile [32m200 [90m10ms - 1kb[0m
[90mGET /mod [32m200 [90m15ms - 3.83kb[0m
[90mGET /api/map [32m200 [90m57ms - 26.72kb[0m
9 Oct 18:40:06 - [32m[nodemon] restarting due to changes...[39m
9 Oct 18:40:06 - [32m[nodemon] starting `node /srv/home/smdux1/MELTS---KnowlegdeMap/server.js`[39m
9 Oct 18:40:06 - [32m[nodemon] restarting due to changes...[39m
9 Oct 18:40:06 - [32m[nodemon] starting `node /srv/home/smdux1/MELTS---KnowlegdeMap/server.js`[39m
App listening on 130.194.20.158:8000
Connected to Mongoose DB
9 Oct 18:42:22 - [32m[nodemon] restarting due to changes...[39m
9 Oct 18:42:22 - [32m[nodemon] starting `node /srv/home/smdux1/MELTS---KnowlegdeMap/server.js`[39m
9 Oct 18:42:22 - [32m[nodemon] restarting due to changes...[39m
9 Oct 18:42:22 - [32m[nodemon] restarting due to changes...[39m
9 Oct 18:42:22 - [32m[nodemon] starting `node /srv/home/smdux1/MELTS---KnowlegdeMap/server.js`[39m
App listening on 130.194.20.158:8000
Connected to Mongoose DB
9 Oct 18:42:41 - [32m[nodemon] restarting due to changes...[39m
9 Oct 18:42:41 - [32m[nodemon] starting `node /srv/home/smdux1/MELTS---KnowlegdeMap/server.js`[39m
9 Oct 18:42:42 - [32m[nodemon] restarting due to changes...[39m
9 Oct 18:42:42 - [32m[nodemon] restarting due to changes...[39m
9 Oct 18:42:42 - [32m[nodemon] starting `node /srv/home/smdux1/MELTS---KnowlegdeMap/server.js`[39m
App listening on 130.194.20.158:8000
Connected to Mongoose DB
12 Oct 21:35:35 - [33m[nodemon] v1.0.20[39m
12 Oct 21:35:35 - [33m[nodemon] to restart at any time, enter `rs`[39m
12 Oct 21:35:35 - [33m[nodemon] watching: *.*[39m
12 Oct 21:35:35 - [32m[nodemon] starting `node /srv/home/smdux1/MELTS---KnowlegdeMap/server.js`[39m
App listening on 130.194.20.158:8000
Connected to Mongoose DB
[90mGET / [32m200 [90m11ms - 830b[0m
[90mGET /map [32m200 [90m4ms - 2.81kb[0m
[90mPOST /api/map/search [31m500 [90m9ms - 1.27kb[0m
[90mPOST /api/map/search [31m500 [90m3ms - 1.27kb[0m
[90mPOST /api/map/search [31m500 [90m3ms - 1.27kb[0m
[90mGET / [32m200 [90m2ms - 830b[0m
[90mGET /mod [32m200 [90m2ms - 3.83kb[0m
[90mGET /api/map [32m200 [90m105ms - 26.72kb[0m
[90mGET /map [32m200 [90m2ms - 2.81kb[0m
[90mPOST /api/map/search [31m500 [90m3ms - 1.27kb[0m
14 Oct 23:29:46 - [33m[nodemon] v1.0.20[39m
14 Oct 23:29:46 - [33m[nodemon] to restart at any time, enter `rs`[39m
14 Oct 23:29:46 - [33m[nodemon] watching: *.*[39m
14 Oct 23:29:46 - [32m[nodemon] starting `node /srv/home/smdux1/MELTS---KnowlegdeMap/server.js`[39m
App listening on 130.194.20.158:8000
Connected to Mongoose DB
[90mGET / [32m200 [90m20ms - 830b[0m
[90mGET /map [36m304 [90m13ms[0m
Searched for: ''
[90mPOST /api/map/search [32m200 [90m96ms - 26.72kb[0m
[90mGET /map [32m200 [90m58ms - 2.81kb[0m
Searched for: ''
[90mPOST /api/map/search [32m200 [90m316ms - 26.72kb[0m
Searched for: ''
[90mPOST /api/map/search [32m200 [90m52ms - 26.72kb[0m
Searched for: '`REACTIVE POWER'
[90mPOST /api/map/search [32m200 [90m143ms - 991b[0m
Searched for: ''
[90mPOST /api/map/search [32m200 [90m50ms - 26.72kb[0m
[90mGET /mod [32m200 [90m4ms - 3.94kb[0m
[90mGET /api/map [32m200 [90m42ms - 26.72kb[0m
[90mGET /template.csv? [32m200 [90m8ms - 99b[0m
[90mGET /map [36m304 [90m2ms[0m
Searched for: ''
[90mPOST /api/map/search [32m200 [90m43ms - 26.72kb[0m
Searched for: 'ENG1030'
[90mPOST /api/map/search [32m200 [90m14ms - 4.79kb[0m
Searched for: ''
[90mPOST /api/map/search [32m200 [90m52ms - 26.72kb[0m
[90mGET /mod [32m200 [90m4ms - 3.94kb[0m
[90mGET / [32m200 [90m32ms - 830b[0m
[90mGET / [36m304 [90m2ms[0m
[90mGET /map [36m304 [90m1ms[0m
Searched for: ''
[90mPOST /api/map/search [32m200 [90m26ms - 26.72kb[0m
[90mGET /mod [32m200 [90m2ms - 3.94kb[0m
[90mGET /api/map [32m200 [90m56ms - 26.72kb[0m
[90mGET /template.csv? [32m200 [90m3ms - 83b[0m
15 Oct 22:01:08 - [32m[nodemon] restarting due to changes...[39m
15 Oct 22:01:08 - [32m[nodemon] restarting due to changes...[39m
15 Oct 22:01:08 - [32m[nodemon] starting `node /srv/home/smdux1/MELTS---KnowlegdeMap/server.js`[39m
15 Oct 22:01:08 - [32m[nodemon] restarting due to changes...[39m
15 Oct 22:01:08 - [32m[nodemon] starting `node /srv/home/smdux1/MELTS---KnowlegdeMap/server.js`[39m
App listening on 130.194.20.158:8000
Connected to Mongoose DB
[90mGET / [36m304 [90m18ms[0m
[90mGET /map [36m304 [90m6ms[0m
Searched for: ''
[90mPOST /api/map/search [32m200 [90m94ms - 26.72kb[0m
[90mGET / [32m200 [90m50ms - 830b[0m
[90mGET /map [36m304 [90m5ms[0m
Searched for: ''
[90mPOST /api/map/search [32m200 [90m148ms - 26.72kb[0m
[90mGET / [32m200 [90m5ms - 830b[0m
[90mGET /map [36m304 [90m2ms[0m
Searched for: ''
[90mPOST /api/map/search [32m200 [90m60ms - 26.72kb[0m
16 Oct 21:59:46 - [32m[nodemon] restarting due to changes...[39m
16 Oct 21:59:47 - [32m[nodemon] starting `node /srv/home/smdux1/MELTS---KnowlegdeMap/server.js`[39m
16 Oct 21:59:47 - [32m[nodemon] restarting due to changes...[39m
16 Oct 21:59:47 - [32m[nodemon] restarting due to changes...[39m
16 Oct 21:59:47 - [32m[nodemon] starting `node /srv/home/smdux1/MELTS---KnowlegdeMap/server.js`[39m
App listening on 130.194.20.158:8000
Connected to Mongoose DB
[90mGET /map [36m304 [90m17ms[0m
Searched for: ''
[90mPOST /api/map/search [32m200 [90m99ms - 26.72kb[0m
16 Oct 22:04:33 - [32m[nodemon] restarting due to changes...[39m
16 Oct 22:04:33 - [32m[nodemon] starting `node /srv/home/smdux1/MELTS---KnowlegdeMap/server.js`[39m
16 Oct 22:04:33 - [32m[nodemon] restarting due to changes...[39m
16 Oct 22:04:33 - [32m[nodemon] restarting due to changes...[39m
16 Oct 22:04:33 - [32m[nodemon] restarting due to changes...[39m
16 Oct 22:04:33 - [32m[nodemon] starting `node /srv/home/smdux1/MELTS---KnowlegdeMap/server.js`[39m
App listening on 130.194.20.158:8000
Connected to Mongoose DB
[90mGET /map [36m304 [90m19ms[0m
Searched for: ''
[90mPOST /api/map/search [32m200 [90m97ms - 26.72kb[0m
16 Oct 22:06:48 - [32m[nodemon] restarting due to changes...[39m
16 Oct 22:06:48 - [32m[nodemon] starting `node /srv/home/smdux1/MELTS---KnowlegdeMap/server.js`[39m
16 Oct 22:06:48 - [32m[nodemon] restarting due to changes...[39m
16 Oct 22:06:48 - [32m[nodemon] restarting due to changes...[39m
16 Oct 22:06:48 - [32m[nodemon] starting `node /srv/home/smdux1/MELTS---KnowlegdeMap/server.js`[39m
App listening on 130.194.20.158:8000
Connected to Mongoose DB
[90mGET /map [36m304 [90m17ms[0m
Searched for: ''
[90mPOST /api/map/search [32m200 [90m93ms - 26.72kb[0m
16 Oct 22:12:27 - [32m[nodemon] restarting due to changes...[39m
16 Oct 22:12:27 - [32m[nodemon] starting `node /srv/home/smdux1/MELTS---KnowlegdeMap/server.js`[39m
16 Oct 22:12:28 - [32m[nodemon] restarting due to changes...[39m
16 Oct 22:12:28 - [32m[nodemon] restarting due to changes...[39m
16 Oct 22:12:28 - [32m[nodemon] starting `node /srv/home/smdux1/MELTS---KnowlegdeMap/server.js`[39m
App listening on 130.194.20.158:8000
Connected to Mongoose DB
[90mGET /map [36m304 [90m14ms[0m
Searched for: ''
[90mPOST /api/map/search [32m200 [90m59ms - 26.72kb[0m
Searched for: '`KVL'
[90mPOST /api/map/search [32m200 [90m25ms - 3.34kb[0m
[90mGET / [32m200 [90m5ms - 830b[0m
[90mGET /mod [32m200 [90m16ms - 3.94kb[0m
[90mGET /login [32m200 [90m19ms - 1.63kb[0m
[90mPOST /login [36m302 [90m225ms - 86b[0m
[90mGET /profile [32m200 [90m148ms - 1kb[0m
[90mGET /mod [32m200 [90m4ms - 3.94kb[0m
[90mGET /api/map [32m200 [90m62ms - 26.72kb[0m
[90mGET /map [36m304 [90m5ms[0m
[90mGET /map [32m200 [90m18ms - 2.81kb[0m
Searched for: ''
[90mPOST /api/map/search [32m200 [90m60ms - 26.72kb[0m
[90mGET /map [36m304 [90m4ms[0m
Searched for: ''
[90mPOST /api/map/search [32m200 [90m54ms - 26.72kb[0m
[90mGET /map [36m304 [90m5ms[0m
Searched for: ''
[90mPOST /api/map/search [32m200 [90m42ms - 26.72kb[0m
17 Oct 03:29:23 - [31m[nodemon] app crashed - waiting for file changes before starting...[39m
19 Oct 17:56:42 - [33m[nodemon] v1.0.20[39m
19 Oct 17:56:42 - [33m[nodemon] to restart at any time, enter `rs`[39m
19 Oct 17:56:42 - [33m[nodemon] watching: *.*[39m
19 Oct 17:56:42 - [32m[nodemon] starting `node /srv/home/smdux1/MELTS---KnowlegdeMap/server.js`[39m
App listening on 130.194.20.158:8000
Connected to Mongoose DB
19 Oct 17:58:36 - [33m[nodemon] v1.0.20[39m
19 Oct 17:58:36 - [33m[nodemon] to restart at any time, enter `rs`[39m
19 Oct 17:58:36 - [33m[nodemon] watching: *.*[39m
19 Oct 17:58:36 - [32m[nodemon] starting `node /srv/home/smdux1/MELTS---KnowlegdeMap/server.js`[39m
App listening on 130.194.20.158:8000
Connected to Mongoose DB
[90mGET /map [36m304 [90m10ms[0m
Searched for: ''
[90mPOST /api/map/search [32m200 [90m98ms - 26.72kb[0m
Searched for: ''
[90mPOST /api/map/search [32m200 [90m111ms - 26.72kb[0m
Searched for: '`CURRENT'
[90mPOST /api/map/search [32m200 [90m13ms - 1.13kb[0m
Searched for: '`OHMS LAW'
[90mPOST /api/map/search [32m200 [90m10ms - 5.07kb[0m
[90mGET / [32m200 [90m29ms - 830b[0m
[90mGET /map [36m304 [90m3ms[0m
Searched for: ''
[90mPOST /api/map/search [32m200 [90m46ms - 26.72kb[0m
[90mGET /login [32m200 [90m20ms - 1.63kb[0m
[90mPOST /login [36m302 [90m165ms - 86b[0m
[90mGET /profile [32m200 [90m24ms - 1kb[0m
[90mGET /mod [32m200 [90m15ms - 3.94kb[0m
[90mGET /api/map [32m200 [90m38ms - 26.72kb[0m
[90mGET /map [36m304 [90m9ms[0m
Searched for: ''
[90mPOST /api/map/search [32m200 [90m45ms - 26.72kb[0m
[90mGET /map [36m304 [90m3ms[0m
Searched for: ''
[90mPOST /api/map/search [32m200 [90m28ms - 26.72kb[0m
[90mGET / [32m200 [90m4ms - 830b[0m
[90mGET / [32m200 [90m4ms - 830b[0m
[90mGET /map [32m200 [90m2ms - 2.81kb[0m
Searched for: ''
[90mPOST /api/map/search [32m200 [90m21ms - 26.72kb[0m
Searched for: ''
[90mPOST /api/map/search [32m200 [90m32ms - 26.72kb[0m
Searched for: 'ENG1030'
[90mPOST /api/map/search [32m200 [90m16ms - 4.79kb[0m
Searched for: ''
[90mPOST /api/map/search [32m200 [90m58ms - 26.72kb[0m
Searched for: '`KCL'
[90mPOST /api/map/search [32m200 [90m12ms - 1.3kb[0m
[90mGET / [32m200 [90m4ms - 830b[0m
[90mGET / [32m200 [90m102ms - 830b[0m
[90mGET / [32m200 [90m2ms - 830b[0m
[90mGET /map [32m200 [90m27ms - 2.81kb[0m
Searched for: ''
[90mPOST /api/map/search [32m200 [90m183ms - 26.72kb[0m
22 Oct 18:22:08 - [33m[nodemon] v1.0.20[39m
22 Oct 18:22:08 - [33m[nodemon] to restart at any time, enter `rs`[39m
22 Oct 18:22:08 - [33m[nodemon] watching: *.*[39m
22 Oct 18:22:08 - [32m[nodemon] starting `node /srv/home/smdux1/MELTS---KnowlegdeMap/server.js`[39m
App listening on 130.194.20.158:8000
Connected to Mongoose DB
[90mGET / [36m304 [90m15ms[0m
[90mGET /map [36m304 [90m6ms[0m
Searched for: ''
[90mPOST /api/map/search [32m200 [90m99ms - 26.72kb[0m
