14 Oct 23:29:46 - [33m[nodemon] v1.0.20[39m
14 Oct 23:29:46 - [33m[nodemon] to restart at any time, enter `rs`[39m
14 Oct 23:29:46 - [33m[nodemon] watching: *.*[39m
14 Oct 23:29:46 - [32m[nodemon] starting `node /srv/home/smdux1/MELTS---KnowlegdeMap/server.js`[39m
App listening on 130.194.20.158:8000
Connected to Mongoose DB
[90mGET / [32m200 [90m20ms - 830b[0m
[90mGET /map [36m304 [90m13ms[0m
Searched for: ''
[90mPOST /api/map/search [32m200 [90m96ms - 26.72kb[0m
[90mGET /map [32m200 [90m58ms - 2.81kb[0m
Searched for: ''
[90mPOST /api/map/search [32m200 [90m316ms - 26.72kb[0m
Searched for: ''
[90mPOST /api/map/search [32m200 [90m52ms - 26.72kb[0m
Searched for: '`REACTIVE POWER'
[90mPOST /api/map/search [32m200 [90m143ms - 991b[0m
Searched for: ''
[90mPOST /api/map/search [32m200 [90m50ms - 26.72kb[0m
[90mGET /mod [32m200 [90m4ms - 3.94kb[0m
[90mGET /api/map [32m200 [90m42ms - 26.72kb[0m
[90mGET /template.csv? [32m200 [90m8ms - 99b[0m
[90mGET /map [36m304 [90m2ms[0m
Searched for: ''
[90mPOST /api/map/search [32m200 [90m43ms - 26.72kb[0m
Searched for: 'ENG1030'
[90mPOST /api/map/search [32m200 [90m14ms - 4.79kb[0m
Searched for: ''
[90mPOST /api/map/search [32m200 [90m52ms - 26.72kb[0m
[90mGET /mod [32m200 [90m4ms - 3.94kb[0m
[90mGET / [32m200 [90m32ms - 830b[0m
[90mGET / [36m304 [90m2ms[0m
[90mGET /map [36m304 [90m1ms[0m
Searched for: ''
[90mPOST /api/map/search [32m200 [90m26ms - 26.72kb[0m
[90mGET /mod [32m200 [90m2ms - 3.94kb[0m
[90mGET /api/map [32m200 [90m56ms - 26.72kb[0m
[90mGET /template.csv? [32m200 [90m3ms - 83b[0m
15 Oct 22:01:08 - [32m[nodemon] restarting due to changes...[39m
15 Oct 22:01:08 - [32m[nodemon] restarting due to changes...[39m
15 Oct 22:01:08 - [32m[nodemon] starting `node /srv/home/smdux1/MELTS---KnowlegdeMap/server.js`[39m
15 Oct 22:01:08 - [32m[nodemon] restarting due to changes...[39m
15 Oct 22:01:08 - [32m[nodemon] starting `node /srv/home/smdux1/MELTS---KnowlegdeMap/server.js`[39m
App listening on 130.194.20.158:8000
Connected to Mongoose DB
[90mGET / [36m304 [90m18ms[0m
[90mGET /map [36m304 [90m6ms[0m
Searched for: ''
[90mPOST /api/map/search [32m200 [90m94ms - 26.72kb[0m
[90mGET / [32m200 [90m50ms - 830b[0m
[90mGET /map [36m304 [90m5ms[0m
Searched for: ''
[90mPOST /api/map/search [32m200 [90m148ms - 26.72kb[0m
[90mGET / [32m200 [90m5ms - 830b[0m
[90mGET /map [36m304 [90m2ms[0m
Searched for: ''
[90mPOST /api/map/search [32m200 [90m60ms - 26.72kb[0m
16 Oct 21:59:46 - [32m[nodemon] restarting due to changes...[39m
16 Oct 21:59:47 - [32m[nodemon] starting `node /srv/home/smdux1/MELTS---KnowlegdeMap/server.js`[39m
16 Oct 21:59:47 - [32m[nodemon] restarting due to changes...[39m
16 Oct 21:59:47 - [32m[nodemon] restarting due to changes...[39m
16 Oct 21:59:47 - [32m[nodemon] starting `node /srv/home/smdux1/MELTS---KnowlegdeMap/server.js`[39m
App listening on 130.194.20.158:8000
Connected to Mongoose DB
[90mGET /map [36m304 [90m17ms[0m
Searched for: ''
[90mPOST /api/map/search [32m200 [90m99ms - 26.72kb[0m
16 Oct 22:04:33 - [32m[nodemon] restarting due to changes...[39m
16 Oct 22:04:33 - [32m[nodemon] starting `node /srv/home/smdux1/MELTS---KnowlegdeMap/server.js`[39m
16 Oct 22:04:33 - [32m[nodemon] restarting due to changes...[39m
16 Oct 22:04:33 - [32m[nodemon] restarting due to changes...[39m
16 Oct 22:04:33 - [32m[nodemon] restarting due to changes...[39m
16 Oct 22:04:33 - [32m[nodemon] starting `node /srv/home/smdux1/MELTS---KnowlegdeMap/server.js`[39m
App listening on 130.194.20.158:8000
Connected to Mongoose DB
[90mGET /map [36m304 [90m19ms[0m
Searched for: ''
[90mPOST /api/map/search [32m200 [90m97ms - 26.72kb[0m
16 Oct 22:06:48 - [32m[nodemon] restarting due to changes...[39m
16 Oct 22:06:48 - [32m[nodemon] starting `node /srv/home/smdux1/MELTS---KnowlegdeMap/server.js`[39m
16 Oct 22:06:48 - [32m[nodemon] restarting due to changes...[39m
16 Oct 22:06:48 - [32m[nodemon] restarting due to changes...[39m
16 Oct 22:06:48 - [32m[nodemon] starting `node /srv/home/smdux1/MELTS---KnowlegdeMap/server.js`[39m
App listening on 130.194.20.158:8000
Connected to Mongoose DB
[90mGET /map [36m304 [90m17ms[0m
Searched for: ''
[90mPOST /api/map/search [32m200 [90m93ms - 26.72kb[0m
16 Oct 22:12:27 - [32m[nodemon] restarting due to changes...[39m
16 Oct 22:12:27 - [32m[nodemon] starting `node /srv/home/smdux1/MELTS---KnowlegdeMap/server.js`[39m
16 Oct 22:12:28 - [32m[nodemon] restarting due to changes...[39m
16 Oct 22:12:28 - [32m[nodemon] restarting due to changes...[39m
16 Oct 22:12:28 - [32m[nodemon] starting `node /srv/home/smdux1/MELTS---KnowlegdeMap/server.js`[39m
App listening on 130.194.20.158:8000
Connected to Mongoose DB
[90mGET /map [36m304 [90m14ms[0m
Searched for: ''
[90mPOST /api/map/search [32m200 [90m59ms - 26.72kb[0m
Searched for: '`KVL'
[90mPOST /api/map/search [32m200 [90m25ms - 3.34kb[0m
[90mGET / [32m200 [90m5ms - 830b[0m
[90mGET /mod [32m200 [90m16ms - 3.94kb[0m
[90mGET /login [32m200 [90m19ms - 1.63kb[0m
[90mPOST /login [36m302 [90m225ms - 86b[0m
[90mGET /profile [32m200 [90m148ms - 1kb[0m
[90mGET /mod [32m200 [90m4ms - 3.94kb[0m
[90mGET /api/map [32m200 [90m62ms - 26.72kb[0m
[90mGET /map [36m304 [90m5ms[0m
[90mGET /map [32m200 [90m18ms - 2.81kb[0m
Searched for: ''
[90mPOST /api/map/search [32m200 [90m60ms - 26.72kb[0m
[90mGET /map [36m304 [90m4ms[0m
Searched for: ''
[90mPOST /api/map/search [32m200 [90m54ms - 26.72kb[0m
[90mGET /map [36m304 [90m5ms[0m
Searched for: ''
[90mPOST /api/map/search [32m200 [90m42ms - 26.72kb[0m

events.js:72
        throw er; // Unhandled 'error' event
              ^
Error: failed to connect to [localhost:27017]
    at null.<anonymous> (/srv/home/smdux1/MELTS---KnowlegdeMap/node_modules/mongoose/node_modules/mongodb/lib/mongodb/connection/server.js:536:74)
    at EventEmitter.emit (events.js:106:17)
    at null.<anonymous> (/srv/home/smdux1/MELTS---KnowlegdeMap/node_modules/mongoose/node_modules/mongodb/lib/mongodb/connection/connection_pool.js:150:15)
    at EventEmitter.emit (events.js:98:17)
    at Socket.<anonymous> (/srv/home/smdux1/MELTS---KnowlegdeMap/node_modules/mongoose/node_modules/mongodb/lib/mongodb/connection/connection.js:516:10)
    at Socket.EventEmitter.emit (events.js:95:17)
    at net.js:440:14
    at process._tickCallback (node.js:415:13)
17 Oct 03:29:23 - [31m[nodemon] app crashed - waiting for file changes before starting...[39m
